

================================================================
== Synthesis Summary Report of 'mlp'
================================================================
+ General Information: 
    * Date:           Fri Feb 19 23:06:27 2021
    * Version:        2020.2 (Build 3064766 on Wed Nov 18 09:12:45 MST 2020)
    * Project:        CG4002
    * Solution:       solution1 (Vivado IP Flow Target)
    * Product family: zynquplus
    * Target device:  xczu3eg-sbva484-1-e
    

+ Performance & Resource Estimates: 
    
    PS: '+' for module; 'o' for loop; '*' for dataflow
    +---------------------+------+-------+---------+-----------+----------+---------+------+----------+---------+----+----------+-----------+-----+
    |       Modules       | Issue|       | Latency |  Latency  | Iteration|         | Trip |          |         |    |          |           |     |
    |       & Loops       | Type | Slack | (cycles)|    (ns)   |  Latency | Interval| Count| Pipelined|  BRAM   | DSP|    FF    |    LUT    | URAM|
    +---------------------+------+-------+---------+-----------+----------+---------+------+----------+---------+----+----------+-----------+-----+
    |+ mlp                |     -|  -5.09|        -|          -|         -|        -|     -|        no|  2 (~0%)|   -|  33 (~0%)|  207 (~0%)|    -|
    | o VITIS_LOOP_45_1   |     -|  -7.30|        -|          -|      1129|        -|     -|        no|        -|   -|         -|          -|    -|
    |  o VITIS_LOOP_47_2  |     -|  -7.30|      561|  5.610e+03|         1|        1|   561|       yes|        -|   -|         -|          -|    -|
    |  o VITIS_LOOP_51_3  |     -|  -7.30|      561|  5.610e+03|         3|        1|   560|       yes|        -|   -|         -|          -|    -|
    +---------------------+------+-------+---------+-----------+----------+---------+------+----------+---------+----+----------+-----------+-----+

