In file included from D:/Xilinx/Vivado/2020.1/include/floating_point_v7_0_bitacc_cmodel.h:143:0,
                 from D:/Xilinx/Vivado/2020.1/include/hls_fpo.h:186,
                 from D:/Xilinx/Vivado/2020.1/include/hls_half.h:44,
                 from D:/Xilinx/Vivado/2020.1/include/etc/ap_private.h:90,
                 from D:/Xilinx/Vivado/2020.1/include/ap_common.h:641,
                 from D:/Xilinx/Vivado/2020.1/include/ap_int.h:54,
                 from apatb_mlp.cpp:12:
D:/Xilinx/Vivado/2020.1/include/gmp.h:62:0: warning: "__GMP_LIBGMP_DLL" redefined
 #define __GMP_LIBGMP_DLL  0
 
In file included from D:/Xilinx/Vivado/2020.1/include/hls_fpo.h:186:0,
                 from D:/Xilinx/Vivado/2020.1/include/hls_half.h:44,
                 from D:/Xilinx/Vivado/2020.1/include/etc/ap_private.h:90,
                 from D:/Xilinx/Vivado/2020.1/include/ap_common.h:641,
                 from D:/Xilinx/Vivado/2020.1/include/ap_int.h:54,
                 from apatb_mlp.cpp:12:
D:/Xilinx/Vivado/2020.1/include/floating_point_v7_0_bitacc_cmodel.h:135:0: note: this is the location of the previous definition
 #define __GMP_LIBGMP_DLL 1
 
D:/Xilinx/Vivado/2020.1/win64/tools/systemc/gcc/libsystemc.a(sc_main_main.o): In function `sc_elab_and_sim':
Y:\systemc\gold\systemc-2.3.1a\build_win_gcc\src\sysc\kernel/../../../../src/sysc/kernel/sc_main_main.cpp:84: undefined reference to `sc_main'
collect2.exe: error: ld returned 1 exit status
make: *** [cosim.tv.exe] Error 1
