INFO-FLOW: Workspace F:/CNNproj/Ultra96/FPGA/HLS/MLP_samsung_Vivado/MLP_samsung_vivado/solution1 opened at Sun Feb 21 19:20:51 +0800 2021
Execute     config_clock -quiet -name default -period 10 -default=false 
INFO: [SYN 201-201] Setting up clock 'default' with a period of 10ns.
Execute     config_clock -quiet -name default -uncertainty 1.25 -unit % 
INFO: [SYN 201-201] Setting up clock 'default' with an uncertainty of 1.25ns.
Execute     open_platform DefaultPlatform 
Execute     import_lib D:/Xilinx/Vivado/2020.1/common/technology/xilinx/zynquplus/zynquplus 
Execute       source D:/Xilinx/Vivado/2020.1/common/technology/xilinx/common/xilinx.lib 
Execute         source D:/Xilinx/Vivado/2020.1/common/technology/xilinx/interface/xilinx_interface.lib 
Execute           source D:/Xilinx/Vivado/2020.1/common/technology/xilinx/interface/plb46.lib 
Execute           source D:/Xilinx/Vivado/2020.1/common/technology/xilinx/interface/fsl.lib 
Execute           source D:/Xilinx/Vivado/2020.1/common/technology/xilinx/interface/axi4.lib 
Execute           source D:/Xilinx/Vivado/2020.1/common/technology/xilinx/interface/maxi.lib 
Execute           source D:/Xilinx/Vivado/2020.1/common/technology/xilinx/interface/saxilite.lib 
Execute         source D:/Xilinx/Vivado/2020.1/common/technology/xilinx/common/dsp48.lib 
Execute         source D:/Xilinx/Vivado/2020.1/common/technology/xilinx/ip/dds_compiler.lib 
Execute         source D:/Xilinx/Vivado/2020.1/common/technology/xilinx/ip/xfft.lib 
Execute         source D:/Xilinx/Vivado/2020.1/common/technology/xilinx/ip/xfir.lib 
Execute       source D:/Xilinx/Vivado/2020.1/common/technology/xilinx/common/xilinx.hlp 
Execute         source D:/Xilinx/Vivado/2020.1/common/technology/xilinx/common/target_info.tcl 
Execute         source D:/Xilinx/Vivado/2020.1/common/technology/xilinx/interface/xilinx_interface.hlp 
Execute           source D:/Xilinx/Vivado/2020.1/common/technology/xilinx/interface/maxi.hlp 
Execute           source D:/Xilinx/Vivado/2020.1/common/technology/xilinx/interface/saxilite.hlp 
Execute         source D:/Xilinx/Vivado/2020.1/common/technology/xilinx/common/dsp48.hlp 
Execute       source D:/Xilinx/Vivado/2020.1/common/technology/xilinx/zynquplus/dsp48e2.hlp 
Execute       source D:/Xilinx/Vivado/2020.1/common/technology/xilinx/common/xilinx.hlp 
Execute         source D:/Xilinx/Vivado/2020.1/common/technology/xilinx/common/target_info.tcl 
Execute         source D:/Xilinx/Vivado/2020.1/common/technology/xilinx/interface/xilinx_interface.hlp 
Execute           source D:/Xilinx/Vivado/2020.1/common/technology/xilinx/interface/maxi.hlp 
Execute           source D:/Xilinx/Vivado/2020.1/common/technology/xilinx/interface/saxilite.hlp 
Execute         source D:/Xilinx/Vivado/2020.1/common/technology/xilinx/common/dsp48.hlp 
Execute     source D:/Xilinx/Vivado/2020.1/common/technology/xilinx/zynquplus/zynquplus.gen 
Execute       source D:/Xilinx/Vivado/2020.1/common/technology/xilinx/common/xilinx.gen 
Execute         source D:/Xilinx/Vivado/2020.1/common/technology/xilinx/interface/plb46.gen 
Execute         source D:/Xilinx/Vivado/2020.1/common/technology/xilinx/interface/fsl.gen 
Execute         source D:/Xilinx/Vivado/2020.1/common/technology/xilinx/interface/axi4.gen 
Execute         source D:/Xilinx/Vivado/2020.1/common/technology/xilinx/interface/nativeAXI4.gen 
Execute           source D:/Xilinx/Vivado/2020.1/common/technology/xilinx/interface/saxilite.gen 
Execute           source D:/Xilinx/Vivado/2020.1/common/technology/xilinx/interface/maxi.gen 
Execute         source D:/Xilinx/Vivado/2020.1/common/technology/xilinx/scripts/xilinxcoregen.gen 
Execute         source D:/Xilinx/Vivado/2020.1/common/technology/xilinx/interface/XilEDKCoreGen.gen 
Execute         source D:/Xilinx/Vivado/2020.1/common/technology/xilinx/ip/dds_compiler.gen 
Execute         source D:/Xilinx/Vivado/2020.1/common/technology/xilinx/ip/util.gen 
Execute         source D:/Xilinx/Vivado/2020.1/common/technology/xilinx/ip/xfft.gen 
Execute         source D:/Xilinx/Vivado/2020.1/common/technology/xilinx/ip/xfir.gen 
Execute         source D:/Xilinx/Vivado/2020.1/common/technology/xilinx/common/dsp48.gen 
Command       ap_source done; 0.121 sec.
Command     ap_source done; 0.121 sec.
Execute     open_platform DefaultPlatform 
Execute     import_lib D:/Xilinx/Vivado/2020.1/common/technology/xilinx/zynquplus/zynquplus_fpv7 
Execute       source D:/Xilinx/Vivado/2020.1/common/technology/xilinx/common/xilinx_fp.lib 
Execute       source D:/Xilinx/Vivado/2020.1/common/technology/xilinx/common/xilinx_fp.hlp 
Execute         source D:/Xilinx/Vivado/2020.1/common/technology/xilinx/common/xilinx.hlp 
Execute           source D:/Xilinx/Vivado/2020.1/common/technology/xilinx/common/target_info.tcl 
Execute           source D:/Xilinx/Vivado/2020.1/common/technology/xilinx/interface/xilinx_interface.hlp 
Execute             source D:/Xilinx/Vivado/2020.1/common/technology/xilinx/interface/maxi.hlp 
Execute             source D:/Xilinx/Vivado/2020.1/common/technology/xilinx/interface/saxilite.hlp 
Execute           source D:/Xilinx/Vivado/2020.1/common/technology/xilinx/common/dsp48.hlp 
Execute     source D:/Xilinx/Vivado/2020.1/common/technology/xilinx/zynquplus/zynquplus_fpv7.gen 
Execute       source D:/Xilinx/Vivado/2020.1/common/technology/xilinx/common/xilinx_fp.gen 
Execute     set_part xczu3eg-sbva484-1-i 
Execute       ap_part_info -name xczu3eg-sbva484-1-i -data single -quiet 
Command       ap_part_info done; 0.328 sec.
Execute       ap_part_info -name xczu3eg-sbva484-1-i -data info 
Execute       add_library xilinx/zynquplus/zynquplus:xczu3eg:-sbva484:-1-i 
Execute         get_default_platform 
Execute         ap_part_info -data single -name xczu3eg-sbva484-1-i 
Execute         ap_part_info -name xczu3eg-sbva484-1-i -data resources 
Execute         ap_part_info -name xczu3eg-sbva484-1-i -data info 
Execute         ap_part_info -name xczu3eg-sbva484-1-i -data info 
Execute         config_chip_info -quiet -resource {SLICE 8820} {LUT 70560} {FF 141120} {DSP48E 360} {BRAM 432} {URAM 0} 
Execute         ap_part_info -name xczu3eg-sbva484-1-i -data info 
Execute         config_chip_info -quiet -speed slow 
Execute       add_library xilinx/zynquplus/zynquplus_fpv7 
Execute         get_default_platform 
INFO: [HLS 200-10] Setting target device to 'xczu3eg-sbva484-1-i'
Execute       ap_part_info -name xczu3eg-sbva484-1-i -data info 
Execute       get_default_platform 
Command     set_part done; 0.422 sec.
Execute     ap_part_info -data single -name xczu3eg-sbva484-1-i 
Execute     ap_part_info -name xczu3eg-sbva484-1-i -data resources 
Execute     ap_part_info -name xczu3eg-sbva484-1-i -data info 
Execute     ap_part_info -name xczu3eg-sbva484-1-i -data info 
Execute     config_chip_info -quiet -resource {SLICE 8820} {LUT 70560} {FF 141120} {DSP48E 360} {BRAM 432} {URAM 0} 
Execute     ap_part_info -name xczu3eg-sbva484-1-i -data info 
Execute     config_chip_info -quiet -speed slow 
Execute     config_export -format=ip_catalog 
Execute     config_export -rtl=vhdl 
Execute     config_export -vivado_optimization_level=2 
Execute       get_config_export -vivado_impl_strategy 
Execute       get_config_export -vivado_phys_opt 
Execute     config_export -vivado_phys_opt=place 
Execute     config_export -vivado_report_level=0 
Execute     config_sdx -optimization_level=none 
Execute       send_msg_by_id INFO @200-435@%s%s 'config_sdx -optimization_level' config_export -vivado_optimization_level=2 
INFO: [HLS 200-435] Setting 'config_sdx -optimization_level' configuration: config_export -vivado_optimization_level=2
Execute       config_export -vivado_optimization_level=2 
Execute         get_config_export -vivado_impl_strategy 
Execute         get_config_export -vivado_phys_opt 
Execute     config_sdx -target=none 
Execute       send_msg_by_id INFO @200-435@%s%s 'config_sdx -target' config_export -vivado_optimization_level=2 
INFO: [HLS 200-435] Setting 'config_sdx -target' configuration: config_export -vivado_optimization_level=2
Execute       config_export -vivado_optimization_level=2 
Execute         get_config_export -vivado_impl_strategy 
Execute         get_config_export -vivado_phys_opt 
Execute       get_config_compile -pipeline_loops 
Execute       get_config_compile -name_max_length 
Execute       get_config_schedule -enable_dsp_full_reg 
Execute       get_config_rtl -register_reset_num 
Execute       get_config_rtl -module_auto_prefix 
Execute       get_config_interface -m_axi_addr64 
Execute       send_msg_by_id INFO @200-435@%s%s 'config_sdx -target' set_clock_uncertainty default 
INFO: [HLS 200-435] Setting 'config_sdx -target' configuration: set_clock_uncertainty default
Execute       set_clock_uncertainty default 
Command   open_solution done; 0.629 sec.
Execute   set_part xczu3eg-sbva484-1-i 
Execute     ap_part_info -name xczu3eg-sbva484-1-i -data single -quiet 
Execute     ap_part_info -name xczu3eg-sbva484-1-i -data info 
Execute     add_library xilinx/zynquplus/zynquplus:xczu3eg:-sbva484:-1-i 
Execute       get_default_platform 
Execute       ap_part_info -data single -name xczu3eg-sbva484-1-i 
Execute       ap_part_info -name xczu3eg-sbva484-1-i -data resources 
Execute       ap_part_info -name xczu3eg-sbva484-1-i -data info 
Execute       ap_part_info -name xczu3eg-sbva484-1-i -data info 
Execute       config_chip_info -quiet -resource {SLICE 8820} {LUT 70560} {FF 141120} {DSP48E 360} {BRAM 432} {URAM 0} 
Execute       ap_part_info -name xczu3eg-sbva484-1-i -data info 
Execute       config_chip_info -quiet -speed slow 
Execute     add_library xilinx/zynquplus/zynquplus_fpv7 
Execute       get_default_platform 
Execute     ap_part_info -name xczu3eg-sbva484-1-i -data info 
Execute     get_default_platform 
Execute   create_clock -period 10 -name default 
Execute     config_clock -quiet -name default -period 10 -default=false 
INFO: [SYN 201-201] Setting up clock 'default' with a period of 10ns.
Execute   config_export -format ip_catalog -rtl vhdl -vivado_optimization_level 2 -vivado_phys_opt place -vivado_report_level 0 
Execute     get_config_export -vivado_impl_strategy 
Execute   config_sdx -optimization_level none -target none 
WARNING: [HLS 200-483] The 'config_sdx -optimization_level' command is deprecated and will be removed in a future release. Use 'config_export -vivado_optimization_level' as its replacement.
Execute     send_msg_by_id INFO @200-435@%s%s 'config_sdx -optimization_level' config_export -vivado_optimization_level=2 
INFO: [HLS 200-435] Setting 'config_sdx -optimization_level' configuration: config_export -vivado_optimization_level=2
Execute     config_export -vivado_optimization_level=2 
Execute       get_config_export -vivado_impl_strategy 
Execute       get_config_export -vivado_phys_opt 
Execute     send_msg_by_id INFO @200-435@%s%s 'config_sdx -target' config_export -vivado_optimization_level=2 
INFO: [HLS 200-435] Setting 'config_sdx -target' configuration: config_export -vivado_optimization_level=2
Execute     config_export -vivado_optimization_level=2 
Execute       get_config_export -vivado_impl_strategy 
Execute       get_config_export -vivado_phys_opt 
Execute     get_config_compile -pipeline_loops 
Execute     get_config_compile -name_max_length 
Execute     get_config_schedule -enable_dsp_full_reg 
Execute     get_config_rtl -register_reset_num 
Execute     get_config_rtl -module_auto_prefix 
Execute     get_config_interface -m_axi_addr64 
Execute     send_msg_by_id INFO @200-435@%s%s 'config_sdx -target' set_clock_uncertainty default 
INFO: [HLS 200-435] Setting 'config_sdx -target' configuration: set_clock_uncertainty default
Execute     set_clock_uncertainty default 
WARNING: [HLS 200-484] The 'config_sdx -optimization_level' command is deprecated and will be removed in a future release.
Execute   set_clock_uncertainty 12.5% 
Execute   csynth_design 
Execute     get_config_compile -dump_cfg 
Execute     get_config_compile -effort 
Execute     get_config_compile -enable_clang39 
Execute     get_config_compile -g 
Execute     get_config_compile -ng 
Execute     get_config_compile -opt_fp 
Execute     get_config_compile -skip_cdt 
Execute     get_config_compile -skip_syncheck 
Execute     get_config_compile -skip_transform 
Execute     get_config_compile -keep_printf 
Execute     elaborate -effort=medium -skip_syncheck=0 -keep_printf=0 -skip_cdt=0 -skip_transform=0 -ng=0 -g=0 -opt_fp=0 -from_csynth_design=1 
Execute       get_config_schedule -relax_ii_for_timing 
INFO: [SCHED 204-61] Option 'relax_ii_for_timing' is enabled, will increase II to preserve clock frequency constraints.
Execute       get_config_schedule -suppress_dependence_error_break 
INFO: [HLS 200-10] Analyzing design file 'main.cpp' ... 
INFO-FLOW: Compiling one TU...
Execute       is_m_axi_addr64 
INFO-FLOW: Handling main.cpp as C++
Execute       ap_part_info -name xczu3eg-sbva484-1-i -data info 
Execute       is_encrypted main.cpp 
Execute       ap_part_info -name xczu3eg-sbva484-1-i -data info 
INFO-FLOW: Running: GCC PP
INFO-FLOW: Source preprocessing
Execute       clang  -fno-limit-debug-info -gcc-toolchain "D:/Xilinx/Vivado/2020.1/msys" -hls  -fno-exceptions  -D__llvm__  -E "main.cpp"     -fno-math-errno -c -emit-llvm -O0  -mllvm -disable-llvm-optzns -fno-threadsafe-statics  -fno-use-cxa-atexit  -fno-threadsafe-statics -fno-use-cxa-atexit -D__CLANG_3_1__ -D__cdecl= -DAESL_SYN -D__SYNTHESIS__ -D__HLS_SYN__ -I "D:/Xilinx/Vivado/2020.1/common/technology/autopilot" -I "D:/Xilinx/Vivado/2020.1/common/technology/autopilot/ap_sysc" -include etc/autopilot_ssdm_op.h -D__DSP48E2__  -o "F:/CNNproj/Ultra96/FPGA/HLS/MLP_samsung_Vivado/MLP_samsung_vivado/solution1/.autopilot/db/main.pp.0.cpp" 
INFO-FLOW: exec D:/Xilinx/Vivado/2020.1/win64/tools/clang/bin/clang -fno-limit-debug-info -gcc-toolchain D:/Xilinx/Vivado/2020.1/msys -hls -fno-exceptions -D__llvm__ -E main.cpp -fno-math-errno -c -emit-llvm -O0 -mllvm -disable-llvm-optzns -fno-threadsafe-statics -fno-use-cxa-atexit -fno-threadsafe-statics -fno-use-cxa-atexit -D__CLANG_3_1__ -D__cdecl= -DAESL_SYN -D__SYNTHESIS__ -D__HLS_SYN__ -I D:/Xilinx/Vivado/2020.1/common/technology/autopilot -I D:/Xilinx/Vivado/2020.1/common/technology/autopilot/ap_sysc -include etc/autopilot_ssdm_op.h -D__DSP48E2__ -o F:/CNNproj/Ultra96/FPGA/HLS/MLP_samsung_Vivado/MLP_samsung_vivado/solution1/.autopilot/db/main.pp.0.cpp
Command       clang done; 1.496 sec.
Execute       tidy_31 xilinx-xfmat-array-geometry F:/CNNproj/Ultra96/FPGA/HLS/MLP_samsung_Vivado/MLP_samsung_vivado/solution1/.autopilot/db/main.pp.0.cpp std=gnu++98 
INFO-FLOW: exec D:/Xilinx/Vivado/2020.1/win64/tools/clang-3.9-csynth/bin/tidy-3.1 -header-filter=.* -checks=-*,xilinx-xfmat-array-geometry -quiet -fix F:/CNNproj/Ultra96/FPGA/HLS/MLP_samsung_Vivado/MLP_samsung_vivado/solution1/.autopilot/db/main.pp.0.cpp -- -std=gnu++98 -fhls -ferror-limit=0
Command       tidy_31 done; 0.568 sec.
INFO-FLOW: Syntax Checking before pre-processing...
Execute       clang -syntaxcheck -src F:/CNNproj/Ultra96/FPGA/HLS/MLP_samsung_Vivado/MLP_samsung_vivado/solution1/.autopilot/db/main.pp.0.cpp  -fno-limit-debug-info -gcc-toolchain "D:/Xilinx/Vivado/2020.1/msys" -hls    -fno-math-errno -c -emit-llvm -O0  -mllvm -disable-llvm-optzns -fno-threadsafe-statics  -fno-use-cxa-atexit  -fno-threadsafe-statics -fno-use-cxa-atexit -D__CLANG_3_1__ -D__cdecl= -DAESL_SYN -D__SYNTHESIS__ -D__HLS_SYN__ -I "D:/Xilinx/Vivado/2020.1/common/technology/autopilot" -I "D:/Xilinx/Vivado/2020.1/common/technology/autopilot/ap_sysc" -include etc/autopilot_ssdm_op.h -D__DSP48E2__  "F:/CNNproj/Ultra96/FPGA/HLS/MLP_samsung_Vivado/MLP_samsung_vivado/solution1/.autopilot/db/main.pp.0.cpp"  -o "F:/CNNproj/Ultra96/FPGA/HLS/MLP_samsung_Vivado/MLP_samsung_vivado/solution1/.autopilot/db/useless.bc"  
INFO-FLOW: exec D:/Xilinx/Vivado/2020.1/win64/tools/clang/bin/clang -fno-limit-debug-info -gcc-toolchain D:/Xilinx/Vivado/2020.1/msys -hls -fno-math-errno -c -emit-llvm -O0 -mllvm -disable-llvm-optzns -fno-threadsafe-statics -fno-use-cxa-atexit -fno-threadsafe-statics -fno-use-cxa-atexit -D__CLANG_3_1__ -D__cdecl= -DAESL_SYN -D__SYNTHESIS__ -D__HLS_SYN__ -I D:/Xilinx/Vivado/2020.1/common/technology/autopilot -I D:/Xilinx/Vivado/2020.1/common/technology/autopilot/ap_sysc -include etc/autopilot_ssdm_op.h -D__DSP48E2__ F:/CNNproj/Ultra96/FPGA/HLS/MLP_samsung_Vivado/MLP_samsung_vivado/solution1/.autopilot/db/main.pp.0.cpp -o F:/CNNproj/Ultra96/FPGA/HLS/MLP_samsung_Vivado/MLP_samsung_vivado/solution1/.autopilot/db/useless.bc
WARNING: [HLS 200-40] In file included from main.cpp:1:
main.cpp:7:12: warning: in-class initialization of non-static data member is a C++11 extension [-Wc++11-extensions]
 bool last = false;
           ^
1 warning generated.
Command       clang done; 1.553 sec.
INFO-FLOW: Done: GCC PP time: 3.6 seconds per iteration
Execute       source D:/Xilinx/Vivado/2020.1/tps/tcl/tcllib1.11.1/yaml/huddle.tcl 
Execute       source D:/Xilinx/Vivado/2020.1/tps/tcl/tcllib1.11.1/yaml/json2huddle.tcl 
Execute         source D:/Xilinx/Vivado/2020.1/tps/tcl/tcllib1.11.1/try/try.tcl 
Execute       list_core -type functional_unit 
Execute       tidy_31 xilinx-systemc-detector F:/CNNproj/Ultra96/FPGA/HLS/MLP_samsung_Vivado/MLP_samsung_vivado/solution1/.autopilot/db/main.pp.0.cpp std=gnu++98 -directive=F:/CNNproj/Ultra96/FPGA/HLS/MLP_samsung_Vivado/MLP_samsung_vivado/solution1/.autopilot/db/.systemc_flag 
INFO-FLOW: exec D:/Xilinx/Vivado/2020.1/win64/tools/clang-3.9-csynth/bin/tidy-3.1 -header-filter=.* -checks=-*,xilinx-systemc-detector -import-directive=F:/CNNproj/Ultra96/FPGA/HLS/MLP_samsung_Vivado/MLP_samsung_vivado/solution1/.autopilot/db/.systemc_flag -quiet -fix-errors F:/CNNproj/Ultra96/FPGA/HLS/MLP_samsung_Vivado/MLP_samsung_vivado/solution1/.autopilot/db/main.pp.0.cpp -- -std=gnu++98 -fhls -ferror-limit=0
Command       tidy_31 done; 0.527 sec.
INFO-FLOW: Running: tidy-3.1 CDT preprocess
Execute       tidy_31 xilinx-directive2pragma F:/CNNproj/Ultra96/FPGA/HLS/MLP_samsung_Vivado/MLP_samsung_vivado/solution1/.autopilot/db/main.pp.0.cpp std=gnu++98 -directive=F:/CNNproj/Ultra96/FPGA/HLS/MLP_samsung_Vivado/MLP_samsung_vivado/solution1/.autopilot/db/all.directive.json 
INFO-FLOW: exec D:/Xilinx/Vivado/2020.1/win64/tools/clang-3.9-csynth/bin/tidy-3.1 -header-filter=.* -checks=-*,xilinx-directive2pragma -import-directive=F:/CNNproj/Ultra96/FPGA/HLS/MLP_samsung_Vivado/MLP_samsung_vivado/solution1/.autopilot/db/all.directive.json -quiet -fix-errors F:/CNNproj/Ultra96/FPGA/HLS/MLP_samsung_Vivado/MLP_samsung_vivado/solution1/.autopilot/db/main.pp.0.cpp -- -std=gnu++98 -fhls -ferror-limit=0
Command       tidy_31 done; 0.541 sec.
Execute       get_config_dataflow -strict_mode 
Execute       ap_eval exec -ignorestderr D:/Xilinx/Vivado/2020.1/win64/tools/clang-3.9-csynth/bin/xilinx-dataflow-lawyer -export-fixes=F:/CNNproj/Ultra96/FPGA/HLS/MLP_samsung_Vivado/MLP_samsung_vivado/solution1/.autopilot/db/xilinx-dataflow-lawyer.main.pp.0.cpp.diag.yml F:/CNNproj/Ultra96/FPGA/HLS/MLP_samsung_Vivado/MLP_samsung_vivado/solution1/.autopilot/db/main.pp.0.cpp -- -std=gnu++98 -fhls -ferror-limit=0 -fstrict-dataflow > F:/CNNproj/Ultra96/FPGA/HLS/MLP_samsung_Vivado/MLP_samsung_vivado/solution1/.autopilot/db/xilinx-dataflow-lawyer.main.pp.0.cpp.out.log 2> F:/CNNproj/Ultra96/FPGA/HLS/MLP_samsung_Vivado/MLP_samsung_vivado/solution1/.autopilot/db/xilinx-dataflow-lawyer.main.pp.0.cpp.err.log 
Command       ap_eval done; 0.524 sec.
Execute       tidy_31 -errorcheck xilinx-constantarray-param,xilinx-resource-pragma-transformer,xilinx-xfmat-array-geometry F:/CNNproj/Ultra96/FPGA/HLS/MLP_samsung_Vivado/MLP_samsung_vivado/solution1/.autopilot/db/main.pp.0.cpp std=gnu++98 
Execute         ap_eval exec -ignorestderr D:/Xilinx/Vivado/2020.1/win64/tools/clang-3.9-csynth/bin/tidy-3.1 -export-fixes=F:/CNNproj/Ultra96/FPGA/HLS/MLP_samsung_Vivado/MLP_samsung_vivado/solution1/.autopilot/db/tidy-3.1.main.pp.0.cpp.diag.yml -header-filter=.* -checks=-*,xilinx-constantarray-param,xilinx-resource-pragma-transformer,xilinx-xfmat-array-geometry -quiet -fix-errors F:/CNNproj/Ultra96/FPGA/HLS/MLP_samsung_Vivado/MLP_samsung_vivado/solution1/.autopilot/db/main.pp.0.cpp -- -std=gnu++98 -fhls -ferror-limit=0 > F:/CNNproj/Ultra96/FPGA/HLS/MLP_samsung_Vivado/MLP_samsung_vivado/solution1/.autopilot/db/tidy-3.1.main.pp.0.cpp.out.log 2> F:/CNNproj/Ultra96/FPGA/HLS/MLP_samsung_Vivado/MLP_samsung_vivado/solution1/.autopilot/db/tidy-3.1.main.pp.0.cpp.err.log 
Command         ap_eval done; 0.604 sec.
Execute         ap_eval exec -ignorestderr D:/Xilinx/Vivado/2020.1/win64/tools/clang-3.9-csynth/bin/xilinx-legacy-rewriter F:/CNNproj/Ultra96/FPGA/HLS/MLP_samsung_Vivado/MLP_samsung_vivado/solution1/.autopilot/db/main.pp.0.cpp -- -std=gnu++98 -fhls -ferror-limit=0 > F:/CNNproj/Ultra96/FPGA/HLS/MLP_samsung_Vivado/MLP_samsung_vivado/solution1/.autopilot/db/xilinx-legacy-rewriter.main.pp.0.cpp.out.log 2> F:/CNNproj/Ultra96/FPGA/HLS/MLP_samsung_Vivado/MLP_samsung_vivado/solution1/.autopilot/db/xilinx-legacy-rewriter.main.pp.0.cpp.err.log 
Command         ap_eval done; 0.36 sec.
Command       tidy_31 done; 0.968 sec.
INFO-FLOW: Done: tidy-3.1 CDT preprocess time: 2 seconds per iteration
INFO-FLOW: Pragma Handling...
Execute       tidy_31 xilinx-ssdm-intrinsics-arguments F:/CNNproj/Ultra96/FPGA/HLS/MLP_samsung_Vivado/MLP_samsung_vivado/solution1/.autopilot/db/main.pragma.1.cpp std=gnu++98 
INFO-FLOW: exec D:/Xilinx/Vivado/2020.1/win64/tools/clang-3.9-csynth/bin/tidy-3.1 -header-filter=.* -checks=-*,xilinx-ssdm-intrinsics-arguments -quiet -fix-errors F:/CNNproj/Ultra96/FPGA/HLS/MLP_samsung_Vivado/MLP_samsung_vivado/solution1/.autopilot/db/main.pragma.1.cpp -- -std=gnu++98 -fhls -ferror-limit=0
Command       tidy_31 done; 0.595 sec.
Execute       ap_part_info -name xczu3eg-sbva484-1-i -data info 
INFO-FLOW: Processing labels
Execute       clang -src F:/CNNproj/Ultra96/FPGA/HLS/MLP_samsung_Vivado/MLP_samsung_vivado/solution1/.autopilot/db/main.pragma.2.cpp  -fno-limit-debug-info -gcc-toolchain D:/Xilinx/Vivado/2020.1/msys -hls -hls-analyze-label -hls-analyze-pragma -fno-exceptions  -D__llvm__  -w  "F:/CNNproj/Ultra96/FPGA/HLS/MLP_samsung_Vivado/MLP_samsung_vivado/solution1/.autopilot/db/main.pragma.2.cpp"    -fno-math-errno -c -emit-llvm -O0  -mllvm -disable-llvm-optzns -fno-threadsafe-statics  -fno-use-cxa-atexit -DAESL_SYN -D__SYNTHESIS__ -D__HLS_SYN__ -I "D:/Xilinx/Vivado/2020.1/common/technology/autopilot" -I "D:/Xilinx/Vivado/2020.1/common/technology/autopilot/ap_sysc" -include etc/autopilot_ssdm_op.h -D__DSP48E2__ -g -o "F:/CNNproj/Ultra96/FPGA/HLS/MLP_samsung_Vivado/MLP_samsung_vivado/solution1/.autopilot/db/main.bc" 
INFO-FLOW: exec D:/Xilinx/Vivado/2020.1/win64/tools/clang/bin/clang -fno-limit-debug-info -gcc-toolchain D:/Xilinx/Vivado/2020.1/msys -hls -hls-analyze-label -hls-analyze-pragma -fno-exceptions -D__llvm__ -w F:/CNNproj/Ultra96/FPGA/HLS/MLP_samsung_Vivado/MLP_samsung_vivado/solution1/.autopilot/db/main.pragma.2.cpp -fno-math-errno -c -emit-llvm -O0 -mllvm -disable-llvm-optzns -fno-threadsafe-statics -fno-use-cxa-atexit -DAESL_SYN -D__SYNTHESIS__ -D__HLS_SYN__ -I D:/Xilinx/Vivado/2020.1/common/technology/autopilot -I D:/Xilinx/Vivado/2020.1/common/technology/autopilot/ap_sysc -include etc/autopilot_ssdm_op.h -D__DSP48E2__ -g -o F:/CNNproj/Ultra96/FPGA/HLS/MLP_samsung_Vivado/MLP_samsung_vivado/solution1/.autopilot/db/main.bc
Command       clang done; 1.575 sec.
INFO-FLOW: Linking Debug ...
Execute       llvm-ld F:/CNNproj/Ultra96/FPGA/HLS/MLP_samsung_Vivado/MLP_samsung_vivado/solution1/.autopilot/db/main.g.bc -hls-opt -except-internalize mlp -LD:/Xilinx/Vivado/2020.1/win64/lib -lhlsm -lhlsmc++ -o F:/CNNproj/Ultra96/FPGA/HLS/MLP_samsung_Vivado/MLP_samsung_vivado/solution1/.autopilot/db/a.g 
Command       llvm-ld done; 1.584 sec.
INFO: [HLS 200-111] Finished Linking Time (s): cpu = 00:00:02 ; elapsed = 00:00:11 . Memory (MB): peak = 889.715 ; gain = 796.094
INFO: [HLS 200-111] Finished Checking Pragmas Time (s): cpu = 00:00:02 ; elapsed = 00:00:11 . Memory (MB): peak = 889.715 ; gain = 796.094
Execute       get_config_sdx -target 
Execute       opt_and_import_c a -opt_level=2 -skip_syncheck=0 -ng=0 -keep_printf=0 
Execute         cleanup_all_models 
INFO: [HLS 200-10] Starting code transformations ...
Execute         transform -promote-dbg-pointer F:/CNNproj/Ultra96/FPGA/HLS/MLP_samsung_Vivado/MLP_samsung_vivado/solution1/.autopilot/db/a.pp.bc -o F:/CNNproj/Ultra96/FPGA/HLS/MLP_samsung_Vivado/MLP_samsung_vivado/solution1/.autopilot/db/a.pp.0.bc -f 
Execute         llvm-ld F:/CNNproj/Ultra96/FPGA/HLS/MLP_samsung_Vivado/MLP_samsung_vivado/solution1/.autopilot/db/a.pp.0.bc -disable-opt -LD:/Xilinx/Vivado/2020.1/win64/lib -lfloatconversion -o F:/CNNproj/Ultra96/FPGA/HLS/MLP_samsung_Vivado/MLP_samsung_vivado/solution1/.autopilot/db/a.g.0 
Command         llvm-ld done; 0.618 sec.
INFO-FLOW: Running Standard Transforms...
Execute         transform -hls -share-std-xform -demangle-name -inline-byval-memcpy -always-inline -stream-depth-lower -promote-dbg-pointer -interface-preproc -mem2reg -scalarrepl -mem2reg -keep-read-access -instcombine -dce -promote-dbg-pointer -bitop-raise -loop-simplify -indvarspre -indvars -loop-simplify -xunroll -constprop -instcombine -simplifycfg -indvars -simplifycfg -dce -globaldce -basicaa -simplifycfg -mem2reg -globalopt -global-constprop -deadargelim -instcombine -simplifycfg -prune-eh -simplifycfg -scalarrepl -instcombine -reassociate -licm -simplifycfg -loop-simplify -indvars -instcombine -simplifycfg -mem2reg -loop-simplify -indvars -instcombine -gvn -gvn -instcombine -adce -break-crit-edges -simplifycfg -loop-delete -global-array-opt -dce -dse -adce -find-syn-modules -top mlp -deadargelim -mem2reg -instcombine -dce -presyn-prepare -auto-rom-infer -interface-preproc -syn-check -check-rec-only -find-region -simplifycfg -func-extr -function-inline -globaldce -mem2reg -instcombine -dce -gvn -globaldce -adce -adse -constprop -instcombine -bit-constprop -instcombine -dce -simplifycfg -bitop-raise -simplifycfg -dce -loop-delete -reassociate -globalopt -global-privatize -mem2reg -dce -global-constprop -pointer-simplify -constprop -dce -func-inst -deadargelim -auto-shift-reg-idiom -promote-dbg-pointer -norm-name F:/CNNproj/Ultra96/FPGA/HLS/MLP_samsung_Vivado/MLP_samsung_vivado/solution1/.autopilot/db/a.g.0.bc -o F:/CNNproj/Ultra96/FPGA/HLS/MLP_samsung_Vivado/MLP_samsung_vivado/solution1/.autopilot/db/a.g.1.bc -f -phase std-opt 
INFO: [HLS 200-111] Finished Standard Transforms Time (s): cpu = 00:00:02 ; elapsed = 00:00:12 . Memory (MB): peak = 889.715 ; gain = 796.094
INFO: [HLS 200-10] Checking synthesizability ...
INFO-FLOW: Checking Synthesizability 1/2..
Execute         transform -hls -syn-check -check-rec-only -disaggr -scalarrepl -norm-name -dce -mem2reg -instcombine -function-uniquify -directive-preproc -mem2reg -dse -dce -auto-rom-infer -dce -pag -array-normalize -instcombine -dce -warn-fifo-pointer -array-seg-normalize -instcombine -dce -array-flatten -instcombine -dce -array-burst -dce -deadargelim -promote-global-argument -simplifycfg -mem2reg -globaldce -dce -deadargelim -dce -instcombine -function-inline -globaldce -dce -doublePtrSimplify -doublePtrElim -dce -doublePtrSimplify -promote-dbg-pointer -dce -scalarrepl -dse -adse -instcombine -ptrLegalization -simplifycfg -dce -instcombine -pointer-simplify -ptrArgReplace -dce -instcombine -resolve-double-ptr -disaggr -scalarrepl -norm-name -dce -mem2reg -instcombine -ptrLegalization -simplifycfg -deadargelim -instcombine -dce -inst-simplify -function-uniquify -directive-preproc -mem2reg -dse -dce -globaldce -check-dspbuiltin F:/CNNproj/Ultra96/FPGA/HLS/MLP_samsung_Vivado/MLP_samsung_vivado/solution1/.autopilot/db/a.g.1.bc -o F:/CNNproj/Ultra96/FPGA/HLS/MLP_samsung_Vivado/MLP_samsung_vivado/solution1/.autopilot/db/a.g.2.prechk.bc -f 
INFO-FLOW: Checking Synthesizability 2/2..
Execute         transform -syn-check F:/CNNproj/Ultra96/FPGA/HLS/MLP_samsung_Vivado/MLP_samsung_vivado/solution1/.autopilot/db/a.g.2.prechk.bc -o F:/CNNproj/Ultra96/FPGA/HLS/MLP_samsung_Vivado/MLP_samsung_vivado/solution1/.autopilot/db/a.g.2.bc -f -phase syn-check 
INFO: [HLS 200-111] Finished Checking Synthesizability Time (s): cpu = 00:00:02 ; elapsed = 00:00:12 . Memory (MB): peak = 889.715 ; gain = 796.094
INFO-FLOW: Compiler optimizing ...
INFO-FLOW: Share syncheck's 1.bc for syn flow: copy F:/CNNproj/Ultra96/FPGA/HLS/MLP_samsung_Vivado/MLP_samsung_vivado/solution1/.autopilot/db/a.g.1.bc to F:/CNNproj/Ultra96/FPGA/HLS/MLP_samsung_Vivado/MLP_samsung_vivado/solution1/.autopilot/db/a.o.1.bc
INFO-FLOW: Presyn 1...
Execute         transform -hls -tmp F:/CNNproj/Ultra96/FPGA/HLS/MLP_samsung_Vivado/MLP_samsung_vivado/solution1/.autopilot/db -interface-port-rename -type-info -function-uniquify -directive-preproc -mem2reg -dse -dce -disaggr -scalarrepl -norm-name -deadargelim -mem2reg -instcombine -dce -simplifycfg -auto-rom-infer -dce -function-uniquify -resource-proc -clib-intrinsic-prepare -dce -func-buffer -dce -pag -array-normalize -func-legal -instcombine -gvn -constprop -dce -simplifycfg -mem2reg -globaldce -resolve-double-ptr -dce -deadargelim -dce -instcombine -ptrArgReplace -mem2reg -dce -array-seg-normalize -deadargelim -instcombine -dce -pointer-simplify -dce -port-alignment -dce -interface-preproc -data-pack -instcombine -dce -basicaa -aggr-aa -aggrmodref-aa -aggr-aa -gvn -gvn -basicaa -aggr-aa -aggrmodref-aa -aggr-aa -dse -adse -adce -loop-simplify -indvars -instcombine -gvn -loop-simplify -mem2reg -dce -find-region -instcombine -auto-loop-pipeline -inst-simplify -interface-preproc -cfgopt -instcombine -indvars -auto-loop-unroll -loop-simplify -loop-bound -xunroll -constprop -instcombine -simplifycfg -indvars -simplifycfg -dce -globaldce -clean-region -attach-range -gvn -inst-simplify -constprop -simplifycfg -dce -pointer-simplify -dce -globalopt -constprop -dce -array-promote -constprop -dce -ptrArgReplace -mem2reg -simplifycfg -dce -auto-par -instcombine -dce -array-transform-check -array-reshape -instcombine -simplifycfg -dce -ptrArgReplace -deadargelim -mem2reg -instcombine -simplifycfg -dce -indvars -loop-simplify -loop-bound -xunroll -constprop -instcombine -simplifycfg -indvars -simplifycfg -dce -globaldce -basicaa -aggr-aa -aggrmodref-aa -aggr-aa -dse -duplicate-dataflow-processes -globaldce -instcombine -array-partition -instcombine -simplifycfg -dce -ptrArgReplace -global-constprop -deadargelim -mem2reg -func-legal -dce -global-constprop -deadargelim -mem2reg -simplifycfg -dce -merge-param -deadargelim -globalopt -constprop -dce -array-promote -constprop -dce -ptrArgReplace -mem2reg -simplifycfg -dce -mem-intrinsic-preproc -dce -global-internalize -global-privatize -mem2reg -globaldce -promote-global-argument -ptrArgReplace -mem2reg -dce -globalopt -mergereturn -simplify-global-access -mem2reg -dce -pointer-simplify -dce -functionattrs -basicaa -aggr-aa -aggrmodref-aa -aggr-aa -gvn -gvn -basicaa -aggr-aa -aggrmodref-aa -aggr-aa -dse -adse -adce -dce -norm-name -function-inline -complex-op-raise -inst-simplify -globaldce -func-inst -constprop -instcombine -simplifycfg -dce -func-legal -dce -loop-bound -arraycheck -bitwidthmin -on-by-dataflow -loop-delete -instcombine -simplifycfg -globaldce -dce -gvn -deadargelim -dce -loop-simplify -clean-region -simplifycfg -propagate-stable-arguments -loop-stream -instcombine -simplifycfg -dce -globaldce -duplicate-dataflow-processes -stream-intrinsic-preproc -dce -check-ap-stream -loop-simplify -eliminate-keepreads -extract-dataflow-in-loop -loop-simplify -dce -gvn -deadargelim -dse -check-dataflow-syntax -legalize-stream-variable -legalize-global -extract-subproc -dce -dead-channel-elimination -canonicalize-gep -globaldce -dce -gvn -deadargelim -annotate-dataflow-channels -scalar-propagation -deadargelim -globaldce -mem2reg -check-dataflow-channels -function-stream -dce -globaldce -prop-fifo-spec -internal-stream-gen -canonicalize-gep -globaldce -dce -gvn -deadargelim -mergereturn -indvars -loop-simplify -instcombine -array-stream -array-seg-normalize -array-partition -func-legal -instcombine -simplifycfg -dce -bundle-memfifo-ops -deadargelim -function-uniquify -directive-preproc -mem2reg -dse -dce -group-axi-access -licm -simplifycfg -dce -loop-delete -norm-name F:/CNNproj/Ultra96/FPGA/HLS/MLP_samsung_Vivado/MLP_samsung_vivado/solution1/.autopilot/db/a.o.1.bc -o F:/CNNproj/Ultra96/FPGA/HLS/MLP_samsung_Vivado/MLP_samsung_vivado/solution1/.autopilot/db/a.o.1.tmp.bc -f 
INFO-FLOW: Presyn 2...
Execute         transform -hls -keep-callgraph -scalarrepl -mem2reg -port-alignment -attach-range -dce -pipe-mux-gen -indvars -loop-bound -inst-simplify -instcombine -dce -merge-array-access -mem2reg -dce -clean-region -mergereturn -if-conv -instcombine -dce -constprop -basicaa -aggr-aa -aggrmodref-aa -aggr-aa -gvn -gvn -basicaa -aggr-aa -aggrmodref-aa -aggr-aa -dse -adse -adce -scalarrepl -mem2reg -global-constprop -deadargelim -deadargelim -instcombine -dce -simplifycfg -ptrArgReplace -mem2reg -function-inline -globaldce -mem2reg -instcombine -dce -expr-balance -instcombine -dce -bitwidthmin -interface-preproc -directive-preproc -inst-rectify -instcombine -dce -functionattrs -constprop -instcombine -bit-constprop -simplify-global-access -globalopt -globaldce -inst-simplify -instcombine -elimdeaddata -dce -loop-delete -simplifycfg -loop-simplify -auto-burst -norm-name F:/CNNproj/Ultra96/FPGA/HLS/MLP_samsung_Vivado/MLP_samsung_vivado/solution1/.autopilot/db/a.o.1.tmp.bc -o F:/CNNproj/Ultra96/FPGA/HLS/MLP_samsung_Vivado/MLP_samsung_vivado/solution1/.autopilot/db/a.o.2.bc -f -phase presyn 
INFO: [HLS 200-111] Finished Pre-synthesis Time (s): cpu = 00:00:02 ; elapsed = 00:00:12 . Memory (MB): peak = 889.715 ; gain = 796.094
INFO-FLOW: Building ssdm...
Execute         transform -hls -function-uniquify -auto-function-inline -globaldce -ptrArgReplace -mem2reg -dce -reset-lda -loop-simplify -indvars -licm -loop-dep -loop-bound -licm -loop-simplify -flattenloopnest -array-flatten -gvn -instcombine -dce -array-map -dce -func-legal -gvn -adce -instcombine -cfgopt -simplifycfg -loop-simplify -array-burst -promote-global-argument -dce -ptrLegalization -axi4-lower -array-seg-normalize -basicaa -aggrmodref-aa -globalsmodref-aa -aggr-aa -gvn -gvn -basicaa -aggrmodref-aa -globalsmodref-aa -aggr-aa -dse -adse -adce -licm -inst-simplify -dce -globaldce -instcombine -array-stream -eliminate-keepreads -instcombine -dce -deadargelim -doublePtrSimplify -doublePtrElim -dce -doublePtrSimplify -promote-dbg-pointer -dce -scalarrepl -mem2reg -disaggr -norm-name -mem2reg -instcombine -dse -adse -adce -ptrLegalization -dce -auto-rom-infer -array-flatten -dce -instcombine -check-doubleptr -loop-rot -constprop -cfgopt -simplifycfg -loop-simplify -indvars -pointer-simplify -dce -loop-bound -loop-simplify -loop-preproc -constprop -global-constprop -gvn -mem2reg -instcombine -dce -loop-bound -loop-merge -dce -bitwidthmin -deadargelim -dce -canonicalize-dataflow -dce -scalar-propagation -deadargelim -globaldce -mem2reg -read-loop-dep -interface-preproc -directive-preproc -interface-gen -bram-byte-enable -deadargelim -inst-simplify -dce -gvn -mem2reg -instcombine -dce -adse -loop-bound -instcombine -cfgopt -simplifycfg -loop-simplify -clean-region -io-protocol -find-region -mem2reg -bitop-raise -complex-op-raise -inst-simplify -inst-rectify -instcombine -adce -deadargelim -loop-simplify -phi-opt -bitop-raise -cfgopt -simplifycfg -strip-dead-prototypes -interface-lower -bitop-lower -intrinsic-lower -auto-function-inline -basicaa -aggrmodref-aa -globalsmodref-aa -aggr-aa -inst-simplify -simplifycfg -loop-simplify -mergereturn -inst-simplify -inst-rectify -dce -load-elim -bitop-lower -loop-rewind -pointer-simplify -dce -cfgopt -dce -loop-bound -loop-dep -read-loop-dep -dce -check-stream -norm-name -legalize -validate-dataflow -inst-clarity -bitwidth -dump-loop-dep-to-ir -check-all-ssdm -cdfg-build F:/CNNproj/Ultra96/FPGA/HLS/MLP_samsung_Vivado/MLP_samsung_vivado/solution1/.autopilot/db/a.o.2.bc -o F:/CNNproj/Ultra96/FPGA/HLS/MLP_samsung_Vivado/MLP_samsung_vivado/solution1/.autopilot/db/a.o.3.bc -f -phase build-ssdm 
WARNING: [XFORM 203-561] 'Loop-1' (main.cpp:22:27) in function 'mlp' is an infinite loop.
INFO: [HLS 200-472] Inferring partial write operation for 'weights_0' (main.cpp:24:4)
INFO: [HLS 200-111] Finished Architecture Synthesis Time (s): cpu = 00:00:02 ; elapsed = 00:00:12 . Memory (MB): peak = 889.715 ; gain = 796.094
INFO-FLOW: Finish building internal data model.
Command       opt_and_import_c done; 0.964 sec.
Command     elaborate done; 11.053 sec.
Execute     autosyn -from_csynth_design=1 
INFO: [HLS 200-10] Starting hardware synthesis ...
INFO-FLOW: Synthesizing C/C++ design ...
INFO: [HLS 200-10] Synthesizing 'mlp' ...
Execute       ap_set_top_model mlp 
Execute       get_model_list mlp -filter all-wo-channel -topdown 
Execute       preproc_iomode -model mlp 
Execute       get_model_list mlp -filter all-wo-channel 
INFO-FLOW: Model list for configure: mlp
INFO-FLOW: Configuring Module : mlp ...
Execute       set_default_model mlp 
Execute       apply_spec_resource_limit mlp 
INFO-FLOW: Model list for preprocess: mlp
INFO-FLOW: Preprocessing Module: mlp ...
Execute       set_default_model mlp 
Execute       cdfg_preprocess -model mlp 
Execute       rtl_gen_preprocess mlp 
INFO-FLOW: Model list for synthesis: mlp
INFO: [HLS 200-10] ----------------------------------------------------------------
INFO: [HLS 200-42] -- Implementing module 'mlp' 
INFO: [HLS 200-10] ----------------------------------------------------------------
Execute       set_default_model mlp 
Execute       schedule -model mlp 
INFO: [SCHED 204-11] Starting scheduling ...
INFO: [SCHED 204-11] Finished scheduling.
INFO: [HLS 200-111]  Elapsed time: 12.281 seconds; current allocated memory: 89.622 MB.
Execute       syn_report -verbosereport -o F:/CNNproj/Ultra96/FPGA/HLS/MLP_samsung_Vivado/MLP_samsung_vivado/solution1/.autopilot/db/mlp.verbose.sched.rpt 
Execute       db_write -o F:/CNNproj/Ultra96/FPGA/HLS/MLP_samsung_Vivado/MLP_samsung_vivado/solution1/.autopilot/db/mlp.sched.adb -f 
INFO-FLOW: Finish scheduling mlp.
Execute       set_default_model mlp 
Execute       bind -model mlp 
BIND OPTION: model=mlp
INFO: [BIND 205-100] Starting micro-architecture generation ...
INFO: [BIND 205-101] Performing variable lifetime analysis.
INFO: [BIND 205-101] Exploring resource sharing.
INFO: [BIND 205-101] Binding ...
INFO: [BIND 205-100] Finished micro-architecture generation.
INFO: [HLS 200-111]  Elapsed time: 0.068 seconds; current allocated memory: 89.769 MB.
Execute       syn_report -verbosereport -o F:/CNNproj/Ultra96/FPGA/HLS/MLP_samsung_Vivado/MLP_samsung_vivado/solution1/.autopilot/db/mlp.verbose.bind.rpt 
Execute       db_write -o F:/CNNproj/Ultra96/FPGA/HLS/MLP_samsung_Vivado/MLP_samsung_vivado/solution1/.autopilot/db/mlp.bind.adb -f 
INFO-FLOW: Finish binding mlp.
Execute       get_model_list mlp -filter all-wo-channel 
INFO-FLOW: Preprocessing for RTLGen ...
Execute       rtl_gen_preprocess mlp 
INFO-FLOW: Model list for RTL generation: mlp
INFO: [HLS 200-10] ----------------------------------------------------------------
INFO: [HLS 200-10] -- Generating RTL for module 'mlp' 
INFO: [HLS 200-10] ----------------------------------------------------------------
Execute       get_config_rtl -module_prefix 
Execute       get_config_rtl -module_auto_prefix 
Execute       create_rtl_model mlp -vendor xilinx -mg_file F:/CNNproj/Ultra96/FPGA/HLS/MLP_samsung_Vivado/MLP_samsung_vivado/solution1/.autopilot/db/mlp.compgen.tcl 
INFO: [RTGEN 206-500] Setting interface mode on port 'mlp/S_AXIS_V_data' to 'axis' (register, both mode).
INFO: [RTGEN 206-500] Setting interface mode on port 'mlp/S_AXIS_V_last' to 'axis' (register, both mode).
INFO: [RTGEN 206-500] Setting interface mode on port 'mlp/M_AXIS_V_data' to 'axis' (register, both mode).
INFO: [RTGEN 206-500] Setting interface mode on port 'mlp/M_AXIS_V_last' to 'axis' (register, both mode).
INFO: [RTGEN 206-500] Setting interface mode on function 'mlp' to 'ap_ctrl_none'.
INFO: [RTGEN 206-100] Finished creating RTL model for 'mlp'.
INFO: [HLS 200-111]  Elapsed time: 0.106 seconds; current allocated memory: 90.116 MB.
Execute       source F:/CNNproj/Ultra96/FPGA/HLS/MLP_samsung_Vivado/MLP_samsung_vivado/solution1/.autopilot/db/mlp.rtl_wrap.cfg.tcl 
Execute       gen_rtl mlp -istop -style xilinx -tracefl mytrace -tracefmt vcd -traceopt all -f -lang sc -o F:/CNNproj/Ultra96/FPGA/HLS/MLP_samsung_Vivado/MLP_samsung_vivado/solution1/syn/systemc/mlp -synmodules mlp 
Execute       gen_rtl mlp -istop -style xilinx -f -lang vhdl -o F:/CNNproj/Ultra96/FPGA/HLS/MLP_samsung_Vivado/MLP_samsung_vivado/solution1/syn/vhdl/mlp 
Execute       gen_rtl mlp -istop -style xilinx -f -lang vlog -o F:/CNNproj/Ultra96/FPGA/HLS/MLP_samsung_Vivado/MLP_samsung_vivado/solution1/syn/verilog/mlp 
Execute       syn_report -csynth -model mlp -o F:/CNNproj/Ultra96/FPGA/HLS/MLP_samsung_Vivado/MLP_samsung_vivado/solution1/syn/report/mlp_csynth.rpt 
Execute       syn_report -rtlxml -model mlp -o F:/CNNproj/Ultra96/FPGA/HLS/MLP_samsung_Vivado/MLP_samsung_vivado/solution1/syn/report/mlp_csynth.xml 
Execute       syn_report -verbosereport -model mlp -o F:/CNNproj/Ultra96/FPGA/HLS/MLP_samsung_Vivado/MLP_samsung_vivado/solution1/.autopilot/db/mlp.verbose.rpt 
Execute       db_write -model mlp -f -o F:/CNNproj/Ultra96/FPGA/HLS/MLP_samsung_Vivado/MLP_samsung_vivado/solution1/.autopilot/db/mlp.adb 
Command       db_write done; 0.124 sec.
Execute       gen_tb_info mlp -p F:/CNNproj/Ultra96/FPGA/HLS/MLP_samsung_Vivado/MLP_samsung_vivado/solution1/.autopilot/db -o F:/CNNproj/Ultra96/FPGA/HLS/MLP_samsung_Vivado/MLP_samsung_vivado/solution1/.autopilot/db/mlp 
Execute       export_constraint_db -f -tool general -o F:/CNNproj/Ultra96/FPGA/HLS/MLP_samsung_Vivado/MLP_samsung_vivado/solution1/.autopilot/db/mlp.constraint.tcl 
Execute       syn_report -designview -model mlp -o F:/CNNproj/Ultra96/FPGA/HLS/MLP_samsung_Vivado/MLP_samsung_vivado/solution1/.autopilot/db/mlp.design.xml 
Execute       get_config_rtl -disable_wave_debug 
Execute       syn_report -wcfg -model mlp -o F:/CNNproj/Ultra96/FPGA/HLS/MLP_samsung_Vivado/MLP_samsung_vivado/solution1/.autopilot/db/mlp_dataflow_ana.wcfg 
Execute       syn_report -protoinst -model mlp -o F:/CNNproj/Ultra96/FPGA/HLS/MLP_samsung_Vivado/MLP_samsung_vivado/solution1/.autopilot/db/mlp.protoinst 
Execute       get_config_debug -directory 
Execute       sc_get_clocks mlp 
Execute       get_config_export -vivado_clock 
Execute       sc_get_portdomain mlp 
INFO-FLOW: Model list for RTL component generation: mlp
INFO-FLOW: Handling components in module [mlp] ... 
Execute       source F:/CNNproj/Ultra96/FPGA/HLS/MLP_samsung_Vivado/MLP_samsung_vivado/solution1/.autopilot/db/mlp.compgen.tcl 
INFO-FLOW: Found component mlp_weights_0.
INFO-FLOW: Append model mlp_weights_0
INFO-FLOW: Found component regslice_core.
INFO-FLOW: Append model regslice_core
INFO-FLOW: Append model mlp
INFO-FLOW: Generating RTL model list ...
INFO-FLOW: All models in this session: mlp_weights_0 regslice_core mlp
INFO-FLOW: To file: write model mlp_weights_0
INFO-FLOW: To file: write model regslice_core
INFO-FLOW: To file: write model mlp
INFO-FLOW: Finished generating RTL model list.


INFO-FLOW: RTL Generation done.
INFO-FLOW: CAS Generation done.
INFO-FLOW: CBC Generation done.
Execute       syn_report -model mlp -printsummary 
INFO: [HLS 200-790] **** Loop Constraint Status: All loop constraints were satisfied.
INFO: [HLS 200-789] **** Estimated Fmax: 739.64 MHz
INFO-FLOW: DBG:CMD: auto_generate_csynth_design
INFO-FLOW: DBG:CMD:     auto_generate --sim-model -phase csynth_design -d F:/CNNproj/Ultra96/FPGA/HLS/MLP_samsung_Vivado/MLP_samsung_vivado/solution1
Execute       source F:/CNNproj/Ultra96/FPGA/HLS/MLP_samsung_Vivado/MLP_samsung_vivado/solution1/.autopilot/db/global.setting.tcl 
INFO-FLOW: DBG:CMD: read_platform_lib F:/CNNproj/Ultra96/FPGA/HLS/MLP_samsung_Vivado/MLP_samsung_vivado/solution1/.autopilot/db/global.setting.tcl
Execute       source D:/Xilinx/Vivado/2020.1/common/technology/generic/autopilot/common.gen 
Execute         source D:/Xilinx/Vivado/2020.1/common/technology/generic/autopilot/APCoreGen.gen 
Execute       source D:/Xilinx/Vivado/2020.1/common/technology/generic/autopilot/op.gen 
Execute       source D:/Xilinx/Vivado/2020.1/common/technology/generic/autopilot/op_simcore.gen 
Execute       source D:/Xilinx/Vivado/2020.1/common/technology/generic/autopilot/interface.gen 
Execute       source F:/CNNproj/Ultra96/FPGA/HLS/MLP_samsung_Vivado/MLP_samsung_vivado/solution1/.autopilot/db/global.setting.tcl 
Execute       source D:/Xilinx/Vivado/2020.1/common/technology/xilinx/zynquplus/zynquplus.gen 
Execute         source D:/Xilinx/Vivado/2020.1/common/technology/xilinx/common/xilinx.gen 
Execute           source D:/Xilinx/Vivado/2020.1/common/technology/xilinx/interface/plb46.gen 
Execute           source D:/Xilinx/Vivado/2020.1/common/technology/xilinx/interface/fsl.gen 
Execute           source D:/Xilinx/Vivado/2020.1/common/technology/xilinx/interface/axi4.gen 
Execute           source D:/Xilinx/Vivado/2020.1/common/technology/xilinx/interface/nativeAXI4.gen 
Execute             source D:/Xilinx/Vivado/2020.1/common/technology/xilinx/interface/saxilite.gen 
Execute             source D:/Xilinx/Vivado/2020.1/common/technology/xilinx/interface/maxi.gen 
Execute           source D:/Xilinx/Vivado/2020.1/common/technology/xilinx/scripts/xilinxcoregen.gen 
Execute           source D:/Xilinx/Vivado/2020.1/common/technology/xilinx/interface/XilEDKCoreGen.gen 
Execute           source D:/Xilinx/Vivado/2020.1/common/technology/xilinx/ip/dds_compiler.gen 
Execute           source D:/Xilinx/Vivado/2020.1/common/technology/xilinx/ip/util.gen 
Execute           source D:/Xilinx/Vivado/2020.1/common/technology/xilinx/ip/xfft.gen 
Execute           source D:/Xilinx/Vivado/2020.1/common/technology/xilinx/ip/xfir.gen 
Execute           source D:/Xilinx/Vivado/2020.1/common/technology/xilinx/common/dsp48.gen 
Command         ap_source done; 0.111 sec.
Command       ap_source done; 0.111 sec.
Execute       source D:/Xilinx/Vivado/2020.1/common/technology/xilinx/zynquplus/zynquplus_fpv7.gen 
Execute         source D:/Xilinx/Vivado/2020.1/common/technology/xilinx/common/xilinx_fp.gen 
INFO-FLOW: DBG:CMD:   using AESL_AUTOCG::g_clock_period=10.000 (was NA)
INFO-FLOW: DBG:CMD:       generate_ip_cores sim=1 export=0 expOnly=0 dstVlogDir=syn/verilog
Execute       source F:/CNNproj/Ultra96/FPGA/HLS/MLP_samsung_Vivado/MLP_samsung_vivado/solution1/.autopilot/db/global.setting.tcl 
Execute       ap_part_info -name xczu3eg-sbva484-1-i -data names -quiet 
Execute       ap_part_info -name xczu3eg-sbva484-1-i -data info -quiet 
Execute       source F:/CNNproj/Ultra96/FPGA/HLS/MLP_samsung_Vivado/MLP_samsung_vivado/solution1/.autopilot/db/global.setting.tcl 
Execute       source F:/CNNproj/Ultra96/FPGA/HLS/MLP_samsung_Vivado/MLP_samsung_vivado/solution1/.autopilot/db/global.setting.tcl 
Execute       source F:/CNNproj/Ultra96/FPGA/HLS/MLP_samsung_Vivado/MLP_samsung_vivado/solution1/.autopilot/db/mlp.compgen.tcl 
INFO: [RTMG 210-278] Implementing memory 'mlp_weights_0_ram (RAM)' using block RAMs.
Execute         ap_part_info -name xczu3eg-sbva484-1-i -data names -quiet 
Execute         ap_part_info -name xczu3eg-sbva484-1-i -data info -quiet 
INFO-FLOW: DBG:CMD:     auto_generate -export -impltomg_flag -rtl both -tool Vivado -pcore_version 1.00.a -phase csynth_design -d F:/CNNproj/Ultra96/FPGA/HLS/MLP_samsung_Vivado/MLP_samsung_vivado/solution1
Execute       source F:/CNNproj/Ultra96/FPGA/HLS/MLP_samsung_Vivado/MLP_samsung_vivado/solution1/.autopilot/db/global.setting.tcl 
INFO-FLOW: DBG:CMD: read_platform_lib F:/CNNproj/Ultra96/FPGA/HLS/MLP_samsung_Vivado/MLP_samsung_vivado/solution1/.autopilot/db/global.setting.tcl
Execute       source D:/Xilinx/Vivado/2020.1/common/technology/generic/autopilot/common.gen 
Execute         source D:/Xilinx/Vivado/2020.1/common/technology/generic/autopilot/APCoreGen.gen 
Execute       source D:/Xilinx/Vivado/2020.1/common/technology/generic/autopilot/op.gen 
Execute       source D:/Xilinx/Vivado/2020.1/common/technology/generic/autopilot/op_simcore.gen 
Execute       source D:/Xilinx/Vivado/2020.1/common/technology/generic/autopilot/interface.gen 
Execute       source F:/CNNproj/Ultra96/FPGA/HLS/MLP_samsung_Vivado/MLP_samsung_vivado/solution1/.autopilot/db/global.setting.tcl 
Execute       source D:/Xilinx/Vivado/2020.1/common/technology/xilinx/zynquplus/zynquplus.gen 
Execute         source D:/Xilinx/Vivado/2020.1/common/technology/xilinx/common/xilinx.gen 
Execute           source D:/Xilinx/Vivado/2020.1/common/technology/xilinx/interface/plb46.gen 
Execute           source D:/Xilinx/Vivado/2020.1/common/technology/xilinx/interface/fsl.gen 
Execute           source D:/Xilinx/Vivado/2020.1/common/technology/xilinx/interface/axi4.gen 
Execute           source D:/Xilinx/Vivado/2020.1/common/technology/xilinx/interface/nativeAXI4.gen 
Execute             source D:/Xilinx/Vivado/2020.1/common/technology/xilinx/interface/saxilite.gen 
Execute             source D:/Xilinx/Vivado/2020.1/common/technology/xilinx/interface/maxi.gen 
Execute           source D:/Xilinx/Vivado/2020.1/common/technology/xilinx/scripts/xilinxcoregen.gen 
Execute           source D:/Xilinx/Vivado/2020.1/common/technology/xilinx/interface/XilEDKCoreGen.gen 
Execute           source D:/Xilinx/Vivado/2020.1/common/technology/xilinx/ip/dds_compiler.gen 
Execute           source D:/Xilinx/Vivado/2020.1/common/technology/xilinx/ip/util.gen 
Execute           source D:/Xilinx/Vivado/2020.1/common/technology/xilinx/ip/xfft.gen 
Execute           source D:/Xilinx/Vivado/2020.1/common/technology/xilinx/ip/xfir.gen 
Execute           source D:/Xilinx/Vivado/2020.1/common/technology/xilinx/common/dsp48.gen 
Command         ap_source done; 0.111 sec.
Command       ap_source done; 0.112 sec.
Execute       source D:/Xilinx/Vivado/2020.1/common/technology/xilinx/zynquplus/zynquplus_fpv7.gen 
Execute         source D:/Xilinx/Vivado/2020.1/common/technology/xilinx/common/xilinx_fp.gen 
INFO-FLOW: DBG:CMD:       initCTypeInfo top_module=mlp xml_exists=0
Execute       source F:/CNNproj/Ultra96/FPGA/HLS/MLP_samsung_Vivado/MLP_samsung_vivado/solution1/.autopilot/db/mlp.rtl_wrap.cfg.tcl 
Execute       source F:/CNNproj/Ultra96/FPGA/HLS/MLP_samsung_Vivado/MLP_samsung_vivado/solution1/.autopilot/db/mlp.rtl_wrap.cfg.tcl 
Execute       source F:/CNNproj/Ultra96/FPGA/HLS/MLP_samsung_Vivado/MLP_samsung_vivado/solution1/.autopilot/db/mlp.rtl_wrap.cfg.tcl 
Execute       source F:/CNNproj/Ultra96/FPGA/HLS/MLP_samsung_Vivado/MLP_samsung_vivado/solution1/.autopilot/db/mlp.tbgen.tcl 
Execute       source F:/CNNproj/Ultra96/FPGA/HLS/MLP_samsung_Vivado/MLP_samsung_vivado/solution1/.autopilot/db/mlp.tbgen.tcl 
INFO-FLOW: DBG:CMD:       export_impl_rtl
INFO-FLOW: DBG:CMD:       generate_ip_cores sim=0 export=0 expOnly=0 dstVlogDir=impl/.verilog
Execute       source F:/CNNproj/Ultra96/FPGA/HLS/MLP_samsung_Vivado/MLP_samsung_vivado/solution1/.autopilot/db/global.setting.tcl 
Execute       source F:/CNNproj/Ultra96/FPGA/HLS/MLP_samsung_Vivado/MLP_samsung_vivado/solution1/.autopilot/db/mlp.compgen.tcl 
INFO-FLOW: DBG:CMD:       generate_ip_cores sim=0 export=1 expOnly=1 dstVlogDir=impl/.pcores/verilog
Execute       source F:/CNNproj/Ultra96/FPGA/HLS/MLP_samsung_Vivado/MLP_samsung_vivado/solution1/.autopilot/db/global.setting.tcl 
Execute       source F:/CNNproj/Ultra96/FPGA/HLS/MLP_samsung_Vivado/MLP_samsung_vivado/solution1/.autopilot/db/mlp.compgen.tcl 
Execute         ap_part_info -name xczu3eg-sbva484-1-i -data names -quiet 
Execute         ap_part_info -name xczu3eg-sbva484-1-i -data info -quiet 
Execute         ap_part_info -name xczu3eg-sbva484-1-i -data names -quiet 
Execute         ap_part_info -name xczu3eg-sbva484-1-i -data info -quiet 
Execute         ap_part_info -name xczu3eg-sbva484-1-i -data names -quiet 
Execute         ap_part_info -name xczu3eg-sbva484-1-i -data info -quiet 
Execute         ap_part_info -name xczu3eg-sbva484-1-i -data names -quiet 
Execute         ap_part_info -name xczu3eg-sbva484-1-i -data info -quiet 
Execute         ap_part_info -name xczu3eg-sbva484-1-i -data names -quiet 
Execute         ap_part_info -name xczu3eg-sbva484-1-i -data info -quiet 
Execute         ap_part_info -name xczu3eg-sbva484-1-i -data names -quiet 
Execute         ap_part_info -name xczu3eg-sbva484-1-i -data info -quiet 
Execute       ap_part_info -name xczu3eg-sbva484-1-i -data names -quiet 
Execute       ap_part_info -name xczu3eg-sbva484-1-i -data info -quiet 
INFO-FLOW: DBG:CMD:       generate_ip_cores sim=0 export=0 expOnly=0 dstVlogDir=impl/.pcores/verilog_sim
Execute       source F:/CNNproj/Ultra96/FPGA/HLS/MLP_samsung_Vivado/MLP_samsung_vivado/solution1/.autopilot/db/global.setting.tcl 
Execute       source F:/CNNproj/Ultra96/FPGA/HLS/MLP_samsung_Vivado/MLP_samsung_vivado/solution1/.autopilot/db/mlp.compgen.tcl 
Execute       ap_part_info -name xczu3eg-sbva484-1-i -data names -quiet 
Execute       ap_part_info -name xczu3eg-sbva484-1-i -data info -quiet 
Execute       ap_part_info -name xczu3eg-sbva484-1-i -data names -quiet 
Execute       ap_part_info -name xczu3eg-sbva484-1-i -data info -quiet 
Execute       source F:/CNNproj/Ultra96/FPGA/HLS/MLP_samsung_Vivado/MLP_samsung_vivado/solution1/.autopilot/db/global.setting.tcl 
Execute       ap_part_info -name xczu3eg-sbva484-1-i -data names -quiet 
Execute       ap_part_info -name xczu3eg-sbva484-1-i -data info -quiet 
Execute       source F:/CNNproj/Ultra96/FPGA/HLS/MLP_samsung_Vivado/MLP_samsung_vivado/solution1/.autopilot/db/mlp.constraint.tcl 
Execute       source F:/CNNproj/Ultra96/FPGA/HLS/MLP_samsung_Vivado/MLP_samsung_vivado/solution1/.autopilot/db/mlp.tbgen.tcl 
INFO-FLOW: DBG:CMD:       hasPcoreIpAdapter=false #gSsdmPorts=8
INFO-FLOW: DBG:CMD: Skipping loadAnalyze_DB, #g_database=4
INFO-FLOW: DBG:CMD:       generate_json is_phase_csynth=1 g_has_adaptors=false generate_bd_files=1 #modelList=3 #gSsdmPorts=8
Execute       source D:/Xilinx/Vivado/2020.1/tps/tcl/tcllib1.11.1/fileutil/fileutil.tcl 
Execute         source D:/Xilinx/Vivado/2020.1/tps/tcl/tcllib1.11.1/cmdline/cmdline.tcl 
Execute       source F:/CNNproj/Ultra96/FPGA/HLS/MLP_samsung_Vivado/MLP_samsung_vivado/solution1/.autopilot/db/global.setting.tcl 
Execute       source F:/CNNproj/Ultra96/FPGA/HLS/MLP_samsung_Vivado/MLP_samsung_vivado/solution1/.autopilot/db/global.setting.tcl 
Execute       get_config_export -xo 
Execute       source F:/CNNproj/Ultra96/FPGA/HLS/MLP_samsung_Vivado/MLP_samsung_vivado/solution1/.autopilot/db/mlp.tbgen.tcl 
Execute       source F:/CNNproj/Ultra96/FPGA/HLS/MLP_samsung_Vivado/MLP_samsung_vivado/solution1/.autopilot/db/mlp.tbgen.tcl 
Execute       source F:/CNNproj/Ultra96/FPGA/HLS/MLP_samsung_Vivado/MLP_samsung_vivado/solution1/.autopilot/db/mlp.tbgen.tcl 
Execute       source F:/CNNproj/Ultra96/FPGA/HLS/MLP_samsung_Vivado/MLP_samsung_vivado/solution1/.autopilot/db/global.setting.tcl 
Execute       get_config_sdx -target 
Execute       source F:/CNNproj/Ultra96/FPGA/HLS/MLP_samsung_Vivado/MLP_samsung_vivado/solution1/.autopilot/db/mlp.rtl_wrap.cfg.tcl 
Execute       source F:/CNNproj/Ultra96/FPGA/HLS/MLP_samsung_Vivado/MLP_samsung_vivado/solution1/.autopilot/db/mlp.compgen.dataonly.tcl 
Execute       source F:/CNNproj/Ultra96/FPGA/HLS/MLP_samsung_Vivado/MLP_samsung_vivado/solution1/.autopilot/db/global.setting.tcl 
Execute       ap_part_info -name xczu3eg-sbva484-1-i -data names -quiet 
Execute       ap_part_info -name xczu3eg-sbva484-1-i -data info -quiet 
Execute       source F:/CNNproj/Ultra96/FPGA/HLS/MLP_samsung_Vivado/MLP_samsung_vivado/solution1/.autopilot/db/mlp.constraint.tcl 
Execute       sc_get_clocks mlp 
Execute       ap_part_info -name xczu3eg-sbva484-1-i -data names -quiet 
Execute       ap_part_info -name xczu3eg-sbva484-1-i -data info -quiet 
Execute       source F:/CNNproj/Ultra96/FPGA/HLS/MLP_samsung_Vivado/MLP_samsung_vivado/solution1/.autopilot/db/global.setting.tcl 
Execute       get_config_debug -directory 
Execute       source F:/CNNproj/Ultra96/FPGA/HLS/MLP_samsung_Vivado/MLP_samsung_vivado/solution1/.autopilot/db/mlp.tbgen.tcl 
Execute       get_config_sdx -target 
Execute       get_config_sdx -profile 
Execute       get_config_rtl -kernel_profile 
Execute       get_config_rtl -stall_sig_gen 
Execute       get_config_rtl -profile 
INFO-FLOW: DBG:CMD: add_json_sdx_info kernel file does not exist, skipping opencl info: F:/CNNproj/Ultra96/FPGA/HLS/MLP_samsung_Vivado/MLP_samsung_vivado/solution1/.autopilot/db/kernel.internal.xml
INFO-FLOW: DBG:CMD:       delete-temp-dirs (skipped for debug)
INFO: [HLS 200-111] Finished generating all RTL models Time (s): cpu = 00:00:03 ; elapsed = 00:00:14 . Memory (MB): peak = 889.715 ; gain = 796.094
INFO: [VHDL 208-304] Generating VHDL RTL for mlp.
INFO: [VLOG 209-307] Generating Verilog RTL for mlp.
Command     autosyn done; 1.437 sec.
Command   csynth_design done; 12.502 sec.
Command ap_source done; 13.257 sec.
Execute cleanup_all 
INFO-FLOW: Workspace F:/CNNproj/Ultra96/FPGA/HLS/MLP_samsung_Vivado/MLP_samsung_vivado/solution1 opened at Sun Feb 21 19:26:14 +0800 2021
Execute     config_clock -quiet -name default -period 10 -default=false 
INFO: [SYN 201-201] Setting up clock 'default' with a period of 10ns.
Execute     config_clock -quiet -name default -uncertainty 1.25 -unit % 
INFO: [SYN 201-201] Setting up clock 'default' with an uncertainty of 1.25ns.
Execute     open_platform DefaultPlatform 
Execute     import_lib D:/Xilinx/Vivado/2020.1/common/technology/xilinx/zynquplus/zynquplus 
Execute       source D:/Xilinx/Vivado/2020.1/common/technology/xilinx/common/xilinx.lib 
Execute         source D:/Xilinx/Vivado/2020.1/common/technology/xilinx/interface/xilinx_interface.lib 
Execute           source D:/Xilinx/Vivado/2020.1/common/technology/xilinx/interface/plb46.lib 
Execute           source D:/Xilinx/Vivado/2020.1/common/technology/xilinx/interface/fsl.lib 
Execute           source D:/Xilinx/Vivado/2020.1/common/technology/xilinx/interface/axi4.lib 
Execute           source D:/Xilinx/Vivado/2020.1/common/technology/xilinx/interface/maxi.lib 
Execute           source D:/Xilinx/Vivado/2020.1/common/technology/xilinx/interface/saxilite.lib 
Execute         source D:/Xilinx/Vivado/2020.1/common/technology/xilinx/common/dsp48.lib 
Execute         source D:/Xilinx/Vivado/2020.1/common/technology/xilinx/ip/dds_compiler.lib 
Execute         source D:/Xilinx/Vivado/2020.1/common/technology/xilinx/ip/xfft.lib 
Execute         source D:/Xilinx/Vivado/2020.1/common/technology/xilinx/ip/xfir.lib 
Execute       source D:/Xilinx/Vivado/2020.1/common/technology/xilinx/common/xilinx.hlp 
Execute         source D:/Xilinx/Vivado/2020.1/common/technology/xilinx/common/target_info.tcl 
Execute         source D:/Xilinx/Vivado/2020.1/common/technology/xilinx/interface/xilinx_interface.hlp 
Execute           source D:/Xilinx/Vivado/2020.1/common/technology/xilinx/interface/maxi.hlp 
Execute           source D:/Xilinx/Vivado/2020.1/common/technology/xilinx/interface/saxilite.hlp 
Execute         source D:/Xilinx/Vivado/2020.1/common/technology/xilinx/common/dsp48.hlp 
Execute       source D:/Xilinx/Vivado/2020.1/common/technology/xilinx/zynquplus/dsp48e2.hlp 
Execute       source D:/Xilinx/Vivado/2020.1/common/technology/xilinx/common/xilinx.hlp 
Execute         source D:/Xilinx/Vivado/2020.1/common/technology/xilinx/common/target_info.tcl 
Execute         source D:/Xilinx/Vivado/2020.1/common/technology/xilinx/interface/xilinx_interface.hlp 
Execute           source D:/Xilinx/Vivado/2020.1/common/technology/xilinx/interface/maxi.hlp 
Execute           source D:/Xilinx/Vivado/2020.1/common/technology/xilinx/interface/saxilite.hlp 
Execute         source D:/Xilinx/Vivado/2020.1/common/technology/xilinx/common/dsp48.hlp 
Execute     source D:/Xilinx/Vivado/2020.1/common/technology/xilinx/zynquplus/zynquplus.gen 
Execute       source D:/Xilinx/Vivado/2020.1/common/technology/xilinx/common/xilinx.gen 
Execute         source D:/Xilinx/Vivado/2020.1/common/technology/xilinx/interface/plb46.gen 
Execute         source D:/Xilinx/Vivado/2020.1/common/technology/xilinx/interface/fsl.gen 
Execute         source D:/Xilinx/Vivado/2020.1/common/technology/xilinx/interface/axi4.gen 
Execute         source D:/Xilinx/Vivado/2020.1/common/technology/xilinx/interface/nativeAXI4.gen 
Execute           source D:/Xilinx/Vivado/2020.1/common/technology/xilinx/interface/saxilite.gen 
Execute           source D:/Xilinx/Vivado/2020.1/common/technology/xilinx/interface/maxi.gen 
Execute         source D:/Xilinx/Vivado/2020.1/common/technology/xilinx/scripts/xilinxcoregen.gen 
Execute         source D:/Xilinx/Vivado/2020.1/common/technology/xilinx/interface/XilEDKCoreGen.gen 
Execute         source D:/Xilinx/Vivado/2020.1/common/technology/xilinx/ip/dds_compiler.gen 
Execute         source D:/Xilinx/Vivado/2020.1/common/technology/xilinx/ip/util.gen 
Execute         source D:/Xilinx/Vivado/2020.1/common/technology/xilinx/ip/xfft.gen 
Execute         source D:/Xilinx/Vivado/2020.1/common/technology/xilinx/ip/xfir.gen 
Execute         source D:/Xilinx/Vivado/2020.1/common/technology/xilinx/common/dsp48.gen 
Command       ap_source done; 0.115 sec.
Command     ap_source done; 0.115 sec.
Execute     open_platform DefaultPlatform 
Execute     import_lib D:/Xilinx/Vivado/2020.1/common/technology/xilinx/zynquplus/zynquplus_fpv7 
Execute       source D:/Xilinx/Vivado/2020.1/common/technology/xilinx/common/xilinx_fp.lib 
Execute       source D:/Xilinx/Vivado/2020.1/common/technology/xilinx/common/xilinx_fp.hlp 
Execute         source D:/Xilinx/Vivado/2020.1/common/technology/xilinx/common/xilinx.hlp 
Execute           source D:/Xilinx/Vivado/2020.1/common/technology/xilinx/common/target_info.tcl 
Execute           source D:/Xilinx/Vivado/2020.1/common/technology/xilinx/interface/xilinx_interface.hlp 
Execute             source D:/Xilinx/Vivado/2020.1/common/technology/xilinx/interface/maxi.hlp 
Execute             source D:/Xilinx/Vivado/2020.1/common/technology/xilinx/interface/saxilite.hlp 
Execute           source D:/Xilinx/Vivado/2020.1/common/technology/xilinx/common/dsp48.hlp 
Execute     source D:/Xilinx/Vivado/2020.1/common/technology/xilinx/zynquplus/zynquplus_fpv7.gen 
Execute       source D:/Xilinx/Vivado/2020.1/common/technology/xilinx/common/xilinx_fp.gen 
Execute     set_part xczu3eg-sbva484-1-i 
Execute       ap_part_info -name xczu3eg-sbva484-1-i -data single -quiet 
Command       ap_part_info done; 0.324 sec.
Execute       ap_part_info -name xczu3eg-sbva484-1-i -data info 
Execute       add_library xilinx/zynquplus/zynquplus:xczu3eg:-sbva484:-1-i 
Execute         get_default_platform 
Execute         ap_part_info -data single -name xczu3eg-sbva484-1-i 
Execute         ap_part_info -name xczu3eg-sbva484-1-i -data resources 
Execute         ap_part_info -name xczu3eg-sbva484-1-i -data info 
Execute         ap_part_info -name xczu3eg-sbva484-1-i -data info 
Execute         config_chip_info -quiet -resource {SLICE 8820} {LUT 70560} {FF 141120} {DSP48E 360} {BRAM 432} {URAM 0} 
Execute         ap_part_info -name xczu3eg-sbva484-1-i -data info 
Execute         config_chip_info -quiet -speed slow 
Execute       add_library xilinx/zynquplus/zynquplus_fpv7 
Execute         get_default_platform 
INFO: [HLS 200-10] Setting target device to 'xczu3eg-sbva484-1-i'
Execute       ap_part_info -name xczu3eg-sbva484-1-i -data info 
Execute       get_default_platform 
Command     set_part done; 0.416 sec.
Execute     ap_part_info -data single -name xczu3eg-sbva484-1-i 
Execute     ap_part_info -name xczu3eg-sbva484-1-i -data resources 
Execute     ap_part_info -name xczu3eg-sbva484-1-i -data info 
Execute     ap_part_info -name xczu3eg-sbva484-1-i -data info 
Execute     config_chip_info -quiet -resource {SLICE 8820} {LUT 70560} {FF 141120} {DSP48E 360} {BRAM 432} {URAM 0} 
Execute     ap_part_info -name xczu3eg-sbva484-1-i -data info 
Execute     config_chip_info -quiet -speed slow 
Execute     config_export -format=ip_catalog 
Execute     config_export -rtl=vhdl 
Execute     config_export -vivado_optimization_level=2 
Execute       get_config_export -vivado_impl_strategy 
Execute       get_config_export -vivado_phys_opt 
Execute     config_export -vivado_phys_opt=place 
Execute     config_export -vivado_report_level=0 
Execute     config_sdx -optimization_level=none 
Execute       send_msg_by_id INFO @200-435@%s%s 'config_sdx -optimization_level' config_export -vivado_optimization_level=2 
INFO: [HLS 200-435] Setting 'config_sdx -optimization_level' configuration: config_export -vivado_optimization_level=2
Execute       config_export -vivado_optimization_level=2 
Execute         get_config_export -vivado_impl_strategy 
Execute         get_config_export -vivado_phys_opt 
Execute     config_sdx -target=none 
Execute       send_msg_by_id INFO @200-435@%s%s 'config_sdx -target' config_export -vivado_optimization_level=2 
INFO: [HLS 200-435] Setting 'config_sdx -target' configuration: config_export -vivado_optimization_level=2
Execute       config_export -vivado_optimization_level=2 
Execute         get_config_export -vivado_impl_strategy 
Execute         get_config_export -vivado_phys_opt 
Execute       get_config_compile -pipeline_loops 
Execute       get_config_compile -name_max_length 
Execute       get_config_schedule -enable_dsp_full_reg 
Execute       get_config_rtl -register_reset_num 
Execute       get_config_rtl -module_auto_prefix 
Execute       get_config_interface -m_axi_addr64 
Execute       send_msg_by_id INFO @200-435@%s%s 'config_sdx -target' set_clock_uncertainty default 
INFO: [HLS 200-435] Setting 'config_sdx -target' configuration: set_clock_uncertainty default
Execute       set_clock_uncertainty default 
Command   open_solution done; 0.607 sec.
Execute   export_design -rtl vhdl -format ip_catalog 
Execute     get_config_export -acc 
Execute     get_config_export -clock_margin 
Execute     get_config_export -custom_script 
Execute     get_config_export -description 
Execute     get_config_export -display_name 
Execute     get_config_export -driver_input_dir 
Execute     get_config_export -ipname 
Execute     get_config_export -kernel_drc 
Execute     get_config_export -library 
Execute     get_config_export -qor_test 
Execute     get_config_export -sdaccel 
Execute     get_config_export -sim 
Execute     get_config_export -taxonomy 
Execute     get_config_export -use_ip 
Execute     get_config_export -use_netlist 
Execute     get_config_export -vendor 
Execute     get_config_export -version 
Execute     get_config_export -xo 
Execute     config_export -format=ip_catalog -rtl=vhdl 
INFO-FLOW: DBG:CMD: export_design_wrap: -format ip_catalog -rtl vhdl
Execute     source F:/CNNproj/Ultra96/FPGA/HLS/MLP_samsung_Vivado/MLP_samsung_vivado/solution1/.autopilot/db/global.setting.tcl 
Execute     get_config_export -vivado_clock 
Execute     get_top 
Execute     get_config_sdx -target 
Execute     get_config_rtl -module_auto_prefix 
Execute     get_config_sdx -target 
Execute     get_config_sdx -target 
INFO-FLOW: DBG:CMD:   auto_impl: pack: -export -tool vivado -rtl vhdl -sdx-target none
Execute     source F:/CNNproj/Ultra96/FPGA/HLS/MLP_samsung_Vivado/MLP_samsung_vivado/solution1/.autopilot/db/global.setting.tcl 
INFO-FLOW: DBG:CMD: read_platform_lib F:/CNNproj/Ultra96/FPGA/HLS/MLP_samsung_Vivado/MLP_samsung_vivado/solution1/.autopilot/db/global.setting.tcl
Execute     source D:/Xilinx/Vivado/2020.1/common/technology/generic/autopilot/common.gen 
Execute       source D:/Xilinx/Vivado/2020.1/common/technology/generic/autopilot/APCoreGen.gen 
Execute     source D:/Xilinx/Vivado/2020.1/common/technology/generic/autopilot/op.gen 
Execute     source D:/Xilinx/Vivado/2020.1/common/technology/generic/autopilot/op_simcore.gen 
Execute     source D:/Xilinx/Vivado/2020.1/common/technology/generic/autopilot/interface.gen 
Execute     source F:/CNNproj/Ultra96/FPGA/HLS/MLP_samsung_Vivado/MLP_samsung_vivado/solution1/.autopilot/db/global.setting.tcl 
Execute     source D:/Xilinx/Vivado/2020.1/common/technology/xilinx/zynquplus/zynquplus.gen 
Execute       source D:/Xilinx/Vivado/2020.1/common/technology/xilinx/common/xilinx.gen 
Execute         source D:/Xilinx/Vivado/2020.1/common/technology/xilinx/interface/plb46.gen 
Execute         source D:/Xilinx/Vivado/2020.1/common/technology/xilinx/interface/fsl.gen 
Execute         source D:/Xilinx/Vivado/2020.1/common/technology/xilinx/interface/axi4.gen 
Execute         source D:/Xilinx/Vivado/2020.1/common/technology/xilinx/interface/nativeAXI4.gen 
Execute           source D:/Xilinx/Vivado/2020.1/common/technology/xilinx/interface/saxilite.gen 
Execute           source D:/Xilinx/Vivado/2020.1/common/technology/xilinx/interface/maxi.gen 
Execute         source D:/Xilinx/Vivado/2020.1/common/technology/xilinx/scripts/xilinxcoregen.gen 
Execute         source D:/Xilinx/Vivado/2020.1/common/technology/xilinx/interface/XilEDKCoreGen.gen 
Execute         source D:/Xilinx/Vivado/2020.1/common/technology/xilinx/ip/dds_compiler.gen 
Execute         source D:/Xilinx/Vivado/2020.1/common/technology/xilinx/ip/util.gen 
Execute         source D:/Xilinx/Vivado/2020.1/common/technology/xilinx/ip/xfft.gen 
Execute         source D:/Xilinx/Vivado/2020.1/common/technology/xilinx/ip/xfir.gen 
Execute         source D:/Xilinx/Vivado/2020.1/common/technology/xilinx/common/dsp48.gen 
Command       ap_source done; 0.114 sec.
Command     ap_source done; 0.114 sec.
Execute     source D:/Xilinx/Vivado/2020.1/common/technology/xilinx/zynquplus/zynquplus_fpv7.gen 
Execute       source D:/Xilinx/Vivado/2020.1/common/technology/xilinx/common/xilinx_fp.gen 
INFO-FLOW: DBG:CMD:   using AESL_AUTOCG::g_clock_period=10.000 (was NA)
Execute     ap_part_info -name xczu3eg-sbva484-1-i -data names -quiet 
Execute     ap_part_info -name xczu3eg-sbva484-1-i -data info -quiet 
Execute     source F:/CNNproj/Ultra96/FPGA/HLS/MLP_samsung_Vivado/MLP_samsung_vivado/solution1/.autopilot/db/global.setting.tcl 
INFO: [IMPL 213-8] Exporting RTL as a Vivado IP.
Execute     source F:/CNNproj/Ultra96/FPGA/HLS/MLP_samsung_Vivado/MLP_samsung_vivado/solution1/.autopilot/db/global.setting.tcl 
INFO-FLOW: DBG:CMD: automg_wrap -export -pcore_version 1.00.a -rtl vhdl -sdx-target none -tool Vivado -impltomg_flag
INFO-FLOW: DBG:CMD:     auto_generate -export -pcore_version 1.00.a -rtl vhdl -sdx-target none -tool Vivado -impltomg_flag
Execute     source F:/CNNproj/Ultra96/FPGA/HLS/MLP_samsung_Vivado/MLP_samsung_vivado/solution1/.autopilot/db/global.setting.tcl 
INFO-FLOW: DBG:CMD: read_platform_lib F:/CNNproj/Ultra96/FPGA/HLS/MLP_samsung_Vivado/MLP_samsung_vivado/solution1/.autopilot/db/global.setting.tcl
Execute     source D:/Xilinx/Vivado/2020.1/common/technology/generic/autopilot/common.gen 
Execute       source D:/Xilinx/Vivado/2020.1/common/technology/generic/autopilot/APCoreGen.gen 
Execute     source D:/Xilinx/Vivado/2020.1/common/technology/generic/autopilot/op.gen 
Execute     source D:/Xilinx/Vivado/2020.1/common/technology/generic/autopilot/op_simcore.gen 
Execute     source D:/Xilinx/Vivado/2020.1/common/technology/generic/autopilot/interface.gen 
Execute     source F:/CNNproj/Ultra96/FPGA/HLS/MLP_samsung_Vivado/MLP_samsung_vivado/solution1/.autopilot/db/global.setting.tcl 
Execute     source D:/Xilinx/Vivado/2020.1/common/technology/xilinx/zynquplus/zynquplus.gen 
Execute       source D:/Xilinx/Vivado/2020.1/common/technology/xilinx/common/xilinx.gen 
Execute         source D:/Xilinx/Vivado/2020.1/common/technology/xilinx/interface/plb46.gen 
Execute         source D:/Xilinx/Vivado/2020.1/common/technology/xilinx/interface/fsl.gen 
Execute         source D:/Xilinx/Vivado/2020.1/common/technology/xilinx/interface/axi4.gen 
Execute         source D:/Xilinx/Vivado/2020.1/common/technology/xilinx/interface/nativeAXI4.gen 
Execute           source D:/Xilinx/Vivado/2020.1/common/technology/xilinx/interface/saxilite.gen 
Execute           source D:/Xilinx/Vivado/2020.1/common/technology/xilinx/interface/maxi.gen 
Execute         source D:/Xilinx/Vivado/2020.1/common/technology/xilinx/scripts/xilinxcoregen.gen 
Execute         source D:/Xilinx/Vivado/2020.1/common/technology/xilinx/interface/XilEDKCoreGen.gen 
Execute         source D:/Xilinx/Vivado/2020.1/common/technology/xilinx/ip/dds_compiler.gen 
Execute         source D:/Xilinx/Vivado/2020.1/common/technology/xilinx/ip/util.gen 
Execute         source D:/Xilinx/Vivado/2020.1/common/technology/xilinx/ip/xfft.gen 
Execute         source D:/Xilinx/Vivado/2020.1/common/technology/xilinx/ip/xfir.gen 
Execute         source D:/Xilinx/Vivado/2020.1/common/technology/xilinx/common/dsp48.gen 
Command       ap_source done; 0.113 sec.
Command     ap_source done; 0.113 sec.
Execute     source D:/Xilinx/Vivado/2020.1/common/technology/xilinx/zynquplus/zynquplus_fpv7.gen 
Execute       source D:/Xilinx/Vivado/2020.1/common/technology/xilinx/common/xilinx_fp.gen 
INFO-FLOW: DBG:CMD:       initCTypeInfo top_module=mlp xml_exists=1
Execute     source F:/CNNproj/Ultra96/FPGA/HLS/MLP_samsung_Vivado/MLP_samsung_vivado/solution1/.autopilot/db/mlp.rtl_wrap.cfg.tcl 
Execute     source F:/CNNproj/Ultra96/FPGA/HLS/MLP_samsung_Vivado/MLP_samsung_vivado/solution1/.autopilot/db/mlp.rtl_wrap.cfg.tcl 
Execute     source F:/CNNproj/Ultra96/FPGA/HLS/MLP_samsung_Vivado/MLP_samsung_vivado/solution1/.autopilot/db/mlp.rtl_wrap.cfg.tcl 
Execute     source F:/CNNproj/Ultra96/FPGA/HLS/MLP_samsung_Vivado/MLP_samsung_vivado/solution1/.autopilot/db/mlp.tbgen.tcl 
Execute     source F:/CNNproj/Ultra96/FPGA/HLS/MLP_samsung_Vivado/MLP_samsung_vivado/solution1/.autopilot/db/mlp.tbgen.tcl 
INFO-FLOW: DBG:CMD:       export_impl_rtl
INFO-FLOW: DBG:CMD:       generate_ip_cores sim=0 export=0 expOnly=0 dstVlogDir=impl/.verilog
Execute     source F:/CNNproj/Ultra96/FPGA/HLS/MLP_samsung_Vivado/MLP_samsung_vivado/solution1/.autopilot/db/global.setting.tcl 
Execute     source F:/CNNproj/Ultra96/FPGA/HLS/MLP_samsung_Vivado/MLP_samsung_vivado/solution1/.autopilot/db/mlp.compgen.tcl 
INFO-FLOW: DBG:CMD:       generate_ip_cores sim=0 export=1 expOnly=1 dstVlogDir=impl/.pcores/verilog
Execute     source F:/CNNproj/Ultra96/FPGA/HLS/MLP_samsung_Vivado/MLP_samsung_vivado/solution1/.autopilot/db/global.setting.tcl 
Execute     source F:/CNNproj/Ultra96/FPGA/HLS/MLP_samsung_Vivado/MLP_samsung_vivado/solution1/.autopilot/db/mlp.compgen.tcl 
Execute       ap_part_info -name xczu3eg-sbva484-1-i -data names -quiet 
Execute       ap_part_info -name xczu3eg-sbva484-1-i -data info -quiet 
Execute       ap_part_info -name xczu3eg-sbva484-1-i -data names -quiet 
Execute       ap_part_info -name xczu3eg-sbva484-1-i -data info -quiet 
Execute       ap_part_info -name xczu3eg-sbva484-1-i -data names -quiet 
Execute       ap_part_info -name xczu3eg-sbva484-1-i -data info -quiet 
Execute       ap_part_info -name xczu3eg-sbva484-1-i -data names -quiet 
Execute       ap_part_info -name xczu3eg-sbva484-1-i -data info -quiet 
Execute       ap_part_info -name xczu3eg-sbva484-1-i -data names -quiet 
Execute       ap_part_info -name xczu3eg-sbva484-1-i -data info -quiet 
Execute       ap_part_info -name xczu3eg-sbva484-1-i -data names -quiet 
Execute       ap_part_info -name xczu3eg-sbva484-1-i -data info -quiet 
Execute     ap_part_info -name xczu3eg-sbva484-1-i -data names -quiet 
Execute     ap_part_info -name xczu3eg-sbva484-1-i -data info -quiet 
INFO-FLOW: DBG:CMD:       generate_ip_cores sim=0 export=0 expOnly=0 dstVlogDir=impl/.pcores/verilog_sim
Execute     source F:/CNNproj/Ultra96/FPGA/HLS/MLP_samsung_Vivado/MLP_samsung_vivado/solution1/.autopilot/db/global.setting.tcl 
Execute     source F:/CNNproj/Ultra96/FPGA/HLS/MLP_samsung_Vivado/MLP_samsung_vivado/solution1/.autopilot/db/mlp.compgen.tcl 
Execute     ap_part_info -name xczu3eg-sbva484-1-i -data names -quiet 
Execute     ap_part_info -name xczu3eg-sbva484-1-i -data info -quiet 
Execute     ap_part_info -name xczu3eg-sbva484-1-i -data names -quiet 
Execute     ap_part_info -name xczu3eg-sbva484-1-i -data info -quiet 
Execute     source F:/CNNproj/Ultra96/FPGA/HLS/MLP_samsung_Vivado/MLP_samsung_vivado/solution1/.autopilot/db/global.setting.tcl 
Execute     ap_part_info -name xczu3eg-sbva484-1-i -data names -quiet 
Execute     ap_part_info -name xczu3eg-sbva484-1-i -data info -quiet 
Execute     source F:/CNNproj/Ultra96/FPGA/HLS/MLP_samsung_Vivado/MLP_samsung_vivado/solution1/.autopilot/db/mlp.constraint.tcl 
Execute     source F:/CNNproj/Ultra96/FPGA/HLS/MLP_samsung_Vivado/MLP_samsung_vivado/solution1/.autopilot/db/mlp.tbgen.tcl 
INFO-FLOW: DBG:CMD:       hasPcoreIpAdapter=false #gSsdmPorts=8
INFO-FLOW: DBG:CMD:       copying IP vlog from F:/CNNproj/Ultra96/FPGA/HLS/MLP_samsung_Vivado/MLP_samsung_vivado/solution1/impl/verilog
INFO-FLOW: DBG:CMD:       copying IP vhdl from F:/CNNproj/Ultra96/FPGA/HLS/MLP_samsung_Vivado/MLP_samsung_vivado/solution1/impl/vhdl
INFO-FLOW: DBG:CMD:       generate_ip_script #gSsdmPorts=8
Execute     ap_part_info -name xczu3eg-sbva484-1-i -data names -quiet 
Execute     ap_part_info -name xczu3eg-sbva484-1-i -data info -quiet 
Execute     ap_part_info -name xczu3eg-sbva484-1-i -data names -quiet 
Execute     ap_part_info -name xczu3eg-sbva484-1-i -data info -quiet 
Execute     source F:/CNNproj/Ultra96/FPGA/HLS/MLP_samsung_Vivado/MLP_samsung_vivado/solution1/.autopilot/db/mlp.tbgen.tcl 
Execute     source F:/CNNproj/Ultra96/FPGA/HLS/MLP_samsung_Vivado/MLP_samsung_vivado/solution1/.autopilot/db/mlp.tbgen.tcl 
Execute     source F:/CNNproj/Ultra96/FPGA/HLS/MLP_samsung_Vivado/MLP_samsung_vivado/solution1/.autopilot/db/global.setting.tcl 
Execute     get_config_sdx -target 
Execute     get_config_debug -directory 
INFO-FLOW: DBG:CMD:       generate_ip_auxiliary
Execute     ap_part_info -name xczu3eg-sbva484-1-i -data names -quiet 
Execute     ap_part_info -name xczu3eg-sbva484-1-i -data info -quiet 
Execute     source F:/CNNproj/Ultra96/FPGA/HLS/MLP_samsung_Vivado/MLP_samsung_vivado/solution1/.autopilot/db/global.setting.tcl 
INFO-FLOW: DBG:CMD:       prepArgInfo -> loadAnalyze_DB top_module=mlp
Execute     source F:/CNNproj/Ultra96/FPGA/HLS/MLP_samsung_Vivado/MLP_samsung_vivado/solution1/.autopilot/db/mlp.rtl_wrap.cfg.tcl 
Execute     source F:/CNNproj/Ultra96/FPGA/HLS/MLP_samsung_Vivado/MLP_samsung_vivado/solution1/.autopilot/db/mlp.rtl_wrap.cfg.tcl 
Execute     source F:/CNNproj/Ultra96/FPGA/HLS/MLP_samsung_Vivado/MLP_samsung_vivado/solution1/.autopilot/db/mlp.rtl_wrap.cfg.tcl 
Execute     source F:/CNNproj/Ultra96/FPGA/HLS/MLP_samsung_Vivado/MLP_samsung_vivado/solution1/.autopilot/db/mlp.tbgen.tcl 
Execute     source F:/CNNproj/Ultra96/FPGA/HLS/MLP_samsung_Vivado/MLP_samsung_vivado/solution1/.autopilot/db/mlp.tbgen.tcl 
Execute     source F:/CNNproj/Ultra96/FPGA/HLS/MLP_samsung_Vivado/MLP_samsung_vivado/solution1/.autopilot/db/mlp.tbgen.tcl 
INFO-FLOW: DBG:CMD:       generate_top_info
INFO-FLOW: DBG:CMD:       prepArgInfo -> loadAnalyze_DB top_module=mlp
Execute     source F:/CNNproj/Ultra96/FPGA/HLS/MLP_samsung_Vivado/MLP_samsung_vivado/solution1/.autopilot/db/mlp.rtl_wrap.cfg.tcl 
Execute     source F:/CNNproj/Ultra96/FPGA/HLS/MLP_samsung_Vivado/MLP_samsung_vivado/solution1/.autopilot/db/mlp.rtl_wrap.cfg.tcl 
Execute     source F:/CNNproj/Ultra96/FPGA/HLS/MLP_samsung_Vivado/MLP_samsung_vivado/solution1/.autopilot/db/mlp.rtl_wrap.cfg.tcl 
Execute     source F:/CNNproj/Ultra96/FPGA/HLS/MLP_samsung_Vivado/MLP_samsung_vivado/solution1/.autopilot/db/mlp.tbgen.tcl 
Execute     source F:/CNNproj/Ultra96/FPGA/HLS/MLP_samsung_Vivado/MLP_samsung_vivado/solution1/.autopilot/db/mlp.tbgen.tcl 
Execute     ap_part_info -name xczu3eg-sbva484-1-i -data names -quiet 
Execute     ap_part_info -name xczu3eg-sbva484-1-i -data info -quiet 
INFO-FLOW: DBG:CMD:       generate_ip_bd_script
Execute     ap_part_info -name xczu3eg-sbva484-1-i -data names -quiet 
Execute     ap_part_info -name xczu3eg-sbva484-1-i -data info -quiet 
Execute     ap_part_info -name xczu3eg-sbva484-1-i -data names -quiet 
Execute     ap_part_info -name xczu3eg-sbva484-1-i -data info -quiet 
Execute     source F:/CNNproj/Ultra96/FPGA/HLS/MLP_samsung_Vivado/MLP_samsung_vivado/solution1/.autopilot/db/mlp.tbgen.tcl 
Execute     source F:/CNNproj/Ultra96/FPGA/HLS/MLP_samsung_Vivado/MLP_samsung_vivado/solution1/.autopilot/db/global.setting.tcl 
Execute     source F:/CNNproj/Ultra96/FPGA/HLS/MLP_samsung_Vivado/MLP_samsung_vivado/solution1/.autopilot/db/mlp.constraint.tcl 
INFO-FLOW: DBG:CMD:       generate_ipi_example_script
Execute     ap_part_info -name xczu3eg-sbva484-1-i -data names -quiet 
Execute     ap_part_info -name xczu3eg-sbva484-1-i -data info -quiet 
Execute     ap_part_info -name xczu3eg-sbva484-1-i -data names -quiet 
Execute     ap_part_info -name xczu3eg-sbva484-1-i -data info -quiet 
INFO-FLOW: DBG:CMD:       generate_syn_sh
Execute     ap_part_info -name xczu3eg-sbva484-1-i -data names -quiet 
Execute     ap_part_info -name xczu3eg-sbva484-1-i -data info -quiet 
Execute     source F:/CNNproj/Ultra96/FPGA/HLS/MLP_samsung_Vivado/MLP_samsung_vivado/solution1/.autopilot/db/global.setting.tcl 
INFO-FLOW: DBG:CMD:       generate_imp_constraints
Execute     ap_part_info -name xczu3eg-sbva484-1-i -data names -quiet 
Execute     ap_part_info -name xczu3eg-sbva484-1-i -data info -quiet 
Execute     source F:/CNNproj/Ultra96/FPGA/HLS/MLP_samsung_Vivado/MLP_samsung_vivado/solution1/.autopilot/db/mlp.constraint.tcl 
Execute     source F:/CNNproj/Ultra96/FPGA/HLS/MLP_samsung_Vivado/MLP_samsung_vivado/solution1/.autopilot/db/mlp.tbgen.tcl 
INFO-FLOW: DBG:CMD:       delete-temp-dirs (skipped for debug)
Execute     ap_part_info -name xczu3eg-sbva484-1-i -data names -quiet 
Execute     ap_part_info -name xczu3eg-sbva484-1-i -data info -quiet 
INFO-FLOW: DBG:CMD: read_platform_lib F:/CNNproj/Ultra96/FPGA/HLS/MLP_samsung_Vivado/MLP_samsung_vivado/solution1/.autopilot/db/global.setting.tcl
Execute     source D:/Xilinx/Vivado/2020.1/common/technology/generic/autopilot/common.gen 
Execute       source D:/Xilinx/Vivado/2020.1/common/technology/generic/autopilot/APCoreGen.gen 
Execute     source D:/Xilinx/Vivado/2020.1/common/technology/generic/autopilot/op.gen 
Execute     source D:/Xilinx/Vivado/2020.1/common/technology/generic/autopilot/op_simcore.gen 
Execute     source D:/Xilinx/Vivado/2020.1/common/technology/generic/autopilot/interface.gen 
Execute     source F:/CNNproj/Ultra96/FPGA/HLS/MLP_samsung_Vivado/MLP_samsung_vivado/solution1/.autopilot/db/global.setting.tcl 
Execute     source D:/Xilinx/Vivado/2020.1/common/technology/xilinx/zynquplus/zynquplus.gen 
Execute       source D:/Xilinx/Vivado/2020.1/common/technology/xilinx/common/xilinx.gen 
Execute         source D:/Xilinx/Vivado/2020.1/common/technology/xilinx/interface/plb46.gen 
Execute         source D:/Xilinx/Vivado/2020.1/common/technology/xilinx/interface/fsl.gen 
Execute         source D:/Xilinx/Vivado/2020.1/common/technology/xilinx/interface/axi4.gen 
Execute         source D:/Xilinx/Vivado/2020.1/common/technology/xilinx/interface/nativeAXI4.gen 
Execute           source D:/Xilinx/Vivado/2020.1/common/technology/xilinx/interface/saxilite.gen 
Execute           source D:/Xilinx/Vivado/2020.1/common/technology/xilinx/interface/maxi.gen 
Execute         source D:/Xilinx/Vivado/2020.1/common/technology/xilinx/scripts/xilinxcoregen.gen 
Execute         source D:/Xilinx/Vivado/2020.1/common/technology/xilinx/interface/XilEDKCoreGen.gen 
Execute         source D:/Xilinx/Vivado/2020.1/common/technology/xilinx/ip/dds_compiler.gen 
Execute         source D:/Xilinx/Vivado/2020.1/common/technology/xilinx/ip/util.gen 
Execute         source D:/Xilinx/Vivado/2020.1/common/technology/xilinx/ip/xfft.gen 
Execute         source D:/Xilinx/Vivado/2020.1/common/technology/xilinx/ip/xfir.gen 
Execute         source D:/Xilinx/Vivado/2020.1/common/technology/xilinx/common/dsp48.gen 
Command       ap_source done; 0.109 sec.
Command     ap_source done; 0.11 sec.
Execute     source D:/Xilinx/Vivado/2020.1/common/technology/xilinx/zynquplus/zynquplus_fpv7.gen 
Execute       source D:/Xilinx/Vivado/2020.1/common/technology/xilinx/common/xilinx_fp.gen 
Execute     ap_part_info -name xczu3eg-sbva484-1-i -data names -quiet 
Execute     ap_part_info -name xczu3eg-sbva484-1-i -data info -quiet 
INFO-FLOW: DBG:CMD:     exec F:/CNNproj/Ultra96/FPGA/HLS/MLP_samsung_Vivado/MLP_samsung_vivado/solution1/impl/ip/pack.bat
Command   export_design done; 7.21 sec.
Command ap_source done; 7.82 sec.
Execute cleanup_all 
